execve("./ptyrepro", ["./ptyrepro"], 0x7fffa67887a8 /* 87 vars */) = 0
arch_prctl(ARCH_SET_FS, 0x537fd0)       = 0
sched_getaffinity(0, 8192, [0, 1, 2, 3, 4, 5, 6, 7]) = 16
openat(AT_FDCWD, "/sys/kernel/mm/transparent_hugepage/hpage_pmd_size", O_RDONLY) = 3
read(3, "2097152\n", 20)                = 8
close(3)                                = 0
mmap(NULL, 262144, PROT_READ|PROT_WRITE, MAP_PRIVATE|MAP_ANONYMOUS, -1, 0) = 0x7f3f65ff8000
mmap(0xc000000000, 67108864, PROT_NONE, MAP_PRIVATE|MAP_ANONYMOUS, -1, 0) = 0xc000000000
mmap(0xc000000000, 67108864, PROT_READ|PROT_WRITE, MAP_PRIVATE|MAP_FIXED|MAP_ANONYMOUS, -1, 0) = 0xc000000000
mmap(NULL, 33554432, PROT_READ|PROT_WRITE, MAP_PRIVATE|MAP_ANONYMOUS, -1, 0) = 0x7f3f63ff8000
mmap(NULL, 2164736, PROT_READ|PROT_WRITE, MAP_PRIVATE|MAP_ANONYMOUS, -1, 0) = 0x7f3f63de7000
mmap(NULL, 65536, PROT_READ|PROT_WRITE, MAP_PRIVATE|MAP_ANONYMOUS, -1, 0) = 0x7f3f63dd7000
mmap(NULL, 65536, PROT_READ|PROT_WRITE, MAP_PRIVATE|MAP_ANONYMOUS, -1, 0) = 0x7f3f63dc7000
rt_sigprocmask(SIG_SETMASK, NULL, [], 8) = 0
sigaltstack(NULL, {ss_sp=NULL, ss_flags=SS_DISABLE, ss_size=0}) = 0
sigaltstack({ss_sp=0xc000002000, ss_flags=0, ss_size=32768}, NULL) = 0
rt_sigprocmask(SIG_SETMASK, [], NULL, 8) = 0
gettid()                                = 61758
rt_sigaction(SIGHUP, NULL, {sa_handler=SIG_DFL, sa_mask=[], sa_flags=0}, 8) = 0
rt_sigaction(SIGHUP, {sa_handler=0x453db0, sa_mask=~[], sa_flags=SA_RESTORER|SA_ONSTACK|SA_RESTART|SA_SIGINFO, sa_restorer=0x453ee0}, NULL, 8) = 0
rt_sigaction(SIGINT, NULL, {sa_handler=SIG_DFL, sa_mask=[], sa_flags=0}, 8) = 0
rt_sigaction(SIGINT, {sa_handler=0x453db0, sa_mask=~[], sa_flags=SA_RESTORER|SA_ONSTACK|SA_RESTART|SA_SIGINFO, sa_restorer=0x453ee0}, NULL, 8) = 0
rt_sigaction(SIGQUIT, NULL, {sa_handler=SIG_DFL, sa_mask=[], sa_flags=0}, 8) = 0
rt_sigaction(SIGQUIT, {sa_handler=0x453db0, sa_mask=~[], sa_flags=SA_RESTORER|SA_ONSTACK|SA_RESTART|SA_SIGINFO, sa_restorer=0x453ee0}, NULL, 8) = 0
rt_sigaction(SIGILL, NULL, {sa_handler=SIG_DFL, sa_mask=[], sa_flags=0}, 8) = 0
rt_sigaction(SIGILL, {sa_handler=0x453db0, sa_mask=~[], sa_flags=SA_RESTORER|SA_ONSTACK|SA_RESTART|SA_SIGINFO, sa_restorer=0x453ee0}, NULL, 8) = 0
rt_sigaction(SIGTRAP, NULL, {sa_handler=SIG_DFL, sa_mask=[], sa_flags=0}, 8) = 0
rt_sigaction(SIGTRAP, {sa_handler=0x453db0, sa_mask=~[], sa_flags=SA_RESTORER|SA_ONSTACK|SA_RESTART|SA_SIGINFO, sa_restorer=0x453ee0}, NULL, 8) = 0
rt_sigaction(SIGABRT, NULL, {sa_handler=SIG_DFL, sa_mask=[], sa_flags=0}, 8) = 0
rt_sigaction(SIGABRT, {sa_handler=0x453db0, sa_mask=~[], sa_flags=SA_RESTORER|SA_ONSTACK|SA_RESTART|SA_SIGINFO, sa_restorer=0x453ee0}, NULL, 8) = 0
rt_sigaction(SIGBUS, NULL, {sa_handler=SIG_DFL, sa_mask=[], sa_flags=0}, 8) = 0
rt_sigaction(SIGBUS, {sa_handler=0x453db0, sa_mask=~[], sa_flags=SA_RESTORER|SA_ONSTACK|SA_RESTART|SA_SIGINFO, sa_restorer=0x453ee0}, NULL, 8) = 0
rt_sigaction(SIGFPE, NULL, {sa_handler=SIG_DFL, sa_mask=[], sa_flags=0}, 8) = 0
rt_sigaction(SIGFPE, {sa_handler=0x453db0, sa_mask=~[], sa_flags=SA_RESTORER|SA_ONSTACK|SA_RESTART|SA_SIGINFO, sa_restorer=0x453ee0}, NULL, 8) = 0
rt_sigaction(SIGUSR1, NULL, {sa_handler=SIG_DFL, sa_mask=[], sa_flags=0}, 8) = 0
rt_sigaction(SIGUSR1, {sa_handler=0x453db0, sa_mask=~[], sa_flags=SA_RESTORER|SA_ONSTACK|SA_RESTART|SA_SIGINFO, sa_restorer=0x453ee0}, NULL, 8) = 0
rt_sigaction(SIGSEGV, NULL, {sa_handler=SIG_DFL, sa_mask=[], sa_flags=0}, 8) = 0
rt_sigaction(SIGSEGV, {sa_handler=0x453db0, sa_mask=~[], sa_flags=SA_RESTORER|SA_ONSTACK|SA_RESTART|SA_SIGINFO, sa_restorer=0x453ee0}, NULL, 8) = 0
rt_sigaction(SIGUSR2, NULL, {sa_handler=SIG_DFL, sa_mask=[], sa_flags=0}, 8) = 0
rt_sigaction(SIGUSR2, {sa_handler=0x453db0, sa_mask=~[], sa_flags=SA_RESTORER|SA_ONSTACK|SA_RESTART|SA_SIGINFO, sa_restorer=0x453ee0}, NULL, 8) = 0
rt_sigaction(SIGPIPE, NULL, {sa_handler=SIG_DFL, sa_mask=[], sa_flags=0}, 8) = 0
rt_sigaction(SIGPIPE, {sa_handler=0x453db0, sa_mask=~[], sa_flags=SA_RESTORER|SA_ONSTACK|SA_RESTART|SA_SIGINFO, sa_restorer=0x453ee0}, NULL, 8) = 0
rt_sigaction(SIGALRM, NULL, {sa_handler=SIG_DFL, sa_mask=[], sa_flags=0}, 8) = 0
rt_sigaction(SIGALRM, {sa_handler=0x453db0, sa_mask=~[], sa_flags=SA_RESTORER|SA_ONSTACK|SA_RESTART|SA_SIGINFO, sa_restorer=0x453ee0}, NULL, 8) = 0
rt_sigaction(SIGTERM, NULL, {sa_handler=SIG_DFL, sa_mask=[], sa_flags=0}, 8) = 0
rt_sigaction(SIGTERM, {sa_handler=0x453db0, sa_mask=~[], sa_flags=SA_RESTORER|SA_ONSTACK|SA_RESTART|SA_SIGINFO, sa_restorer=0x453ee0}, NULL, 8) = 0
rt_sigaction(SIGSTKFLT, NULL, {sa_handler=SIG_DFL, sa_mask=[], sa_flags=0}, 8) = 0
rt_sigaction(SIGSTKFLT, {sa_handler=0x453db0, sa_mask=~[], sa_flags=SA_RESTORER|SA_ONSTACK|SA_RESTART|SA_SIGINFO, sa_restorer=0x453ee0}, NULL, 8) = 0
rt_sigaction(SIGCHLD, NULL, {sa_handler=SIG_DFL, sa_mask=[], sa_flags=0}, 8) = 0
rt_sigaction(SIGCHLD, {sa_handler=0x453db0, sa_mask=~[], sa_flags=SA_RESTORER|SA_ONSTACK|SA_RESTART|SA_SIGINFO, sa_restorer=0x453ee0}, NULL, 8) = 0
rt_sigaction(SIGURG, NULL, {sa_handler=SIG_DFL, sa_mask=[], sa_flags=0}, 8) = 0
rt_sigaction(SIGURG, {sa_handler=0x453db0, sa_mask=~[], sa_flags=SA_RESTORER|SA_ONSTACK|SA_RESTART|SA_SIGINFO, sa_restorer=0x453ee0}, NULL, 8) = 0
rt_sigaction(SIGXCPU, NULL, {sa_handler=SIG_DFL, sa_mask=[], sa_flags=0}, 8) = 0
rt_sigaction(SIGXCPU, {sa_handler=0x453db0, sa_mask=~[], sa_flags=SA_RESTORER|SA_ONSTACK|SA_RESTART|SA_SIGINFO, sa_restorer=0x453ee0}, NULL, 8) = 0
rt_sigaction(SIGXFSZ, NULL, {sa_handler=SIG_DFL, sa_mask=[], sa_flags=0}, 8) = 0
rt_sigaction(SIGXFSZ, {sa_handler=0x453db0, sa_mask=~[], sa_flags=SA_RESTORER|SA_ONSTACK|SA_RESTART|SA_SIGINFO, sa_restorer=0x453ee0}, NULL, 8) = 0
rt_sigaction(SIGVTALRM, NULL, {sa_handler=SIG_DFL, sa_mask=[], sa_flags=0}, 8) = 0
rt_sigaction(SIGVTALRM, {sa_handler=0x453db0, sa_mask=~[], sa_flags=SA_RESTORER|SA_ONSTACK|SA_RESTART|SA_SIGINFO, sa_restorer=0x453ee0}, NULL, 8) = 0
rt_sigaction(SIGPROF, NULL, {sa_handler=SIG_DFL, sa_mask=[], sa_flags=0}, 8) = 0
rt_sigaction(SIGPROF, {sa_handler=0x453db0, sa_mask=~[], sa_flags=SA_RESTORER|SA_ONSTACK|SA_RESTART|SA_SIGINFO, sa_restorer=0x453ee0}, NULL, 8) = 0
rt_sigaction(SIGWINCH, NULL, {sa_handler=SIG_DFL, sa_mask=[], sa_flags=0}, 8) = 0
rt_sigaction(SIGWINCH, {sa_handler=0x453db0, sa_mask=~[], sa_flags=SA_RESTORER|SA_ONSTACK|SA_RESTART|SA_SIGINFO, sa_restorer=0x453ee0}, NULL, 8) = 0
rt_sigaction(SIGIO, NULL, {sa_handler=SIG_DFL, sa_mask=[], sa_flags=0}, 8) = 0
rt_sigaction(SIGIO, {sa_handler=0x453db0, sa_mask=~[], sa_flags=SA_RESTORER|SA_ONSTACK|SA_RESTART|SA_SIGINFO, sa_restorer=0x453ee0}, NULL, 8) = 0
rt_sigaction(SIGPWR, NULL, {sa_handler=SIG_DFL, sa_mask=[], sa_flags=0}, 8) = 0
rt_sigaction(SIGPWR, {sa_handler=0x453db0, sa_mask=~[], sa_flags=SA_RESTORER|SA_ONSTACK|SA_RESTART|SA_SIGINFO, sa_restorer=0x453ee0}, NULL, 8) = 0
rt_sigaction(SIGSYS, NULL, {sa_handler=SIG_DFL, sa_mask=[], sa_flags=0}, 8) = 0
rt_sigaction(SIGSYS, {sa_handler=0x453db0, sa_mask=~[], sa_flags=SA_RESTORER|SA_ONSTACK|SA_RESTART|SA_SIGINFO, sa_restorer=0x453ee0}, NULL, 8) = 0
rt_sigaction(SIGRTMIN, NULL, {sa_handler=SIG_DFL, sa_mask=[], sa_flags=0}, 8) = 0
rt_sigaction(SIGRT_1, NULL, {sa_handler=SIG_DFL, sa_mask=[], sa_flags=0}, 8) = 0
rt_sigaction(SIGRT_2, NULL, {sa_handler=SIG_DFL, sa_mask=[], sa_flags=0}, 8) = 0
rt_sigaction(SIGRT_2, {sa_handler=0x453db0, sa_mask=~[], sa_flags=SA_RESTORER|SA_ONSTACK|SA_RESTART|SA_SIGINFO, sa_restorer=0x453ee0}, NULL, 8) = 0
rt_sigaction(SIGRT_3, NULL, {sa_handler=SIG_DFL, sa_mask=[], sa_flags=0}, 8) = 0
rt_sigaction(SIGRT_3, {sa_handler=0x453db0, sa_mask=~[], sa_flags=SA_RESTORER|SA_ONSTACK|SA_RESTART|SA_SIGINFO, sa_restorer=0x453ee0}, NULL, 8) = 0
rt_sigaction(SIGRT_4, NULL, {sa_handler=SIG_DFL, sa_mask=[], sa_flags=0}, 8) = 0
rt_sigaction(SIGRT_4, {sa_handler=0x453db0, sa_mask=~[], sa_flags=SA_RESTORER|SA_ONSTACK|SA_RESTART|SA_SIGINFO, sa_restorer=0x453ee0}, NULL, 8) = 0
rt_sigaction(SIGRT_5, NULL, {sa_handler=SIG_DFL, sa_mask=[], sa_flags=0}, 8) = 0
rt_sigaction(SIGRT_5, {sa_handler=0x453db0, sa_mask=~[], sa_flags=SA_RESTORER|SA_ONSTACK|SA_RESTART|SA_SIGINFO, sa_restorer=0x453ee0}, NULL, 8) = 0
rt_sigaction(SIGRT_6, NULL, {sa_handler=SIG_DFL, sa_mask=[], sa_flags=0}, 8) = 0
rt_sigaction(SIGRT_6, {sa_handler=0x453db0, sa_mask=~[], sa_flags=SA_RESTORER|SA_ONSTACK|SA_RESTART|SA_SIGINFO, sa_restorer=0x453ee0}, NULL, 8) = 0
rt_sigaction(SIGRT_7, NULL, {sa_handler=SIG_DFL, sa_mask=[], sa_flags=0}, 8) = 0
rt_sigaction(SIGRT_7, {sa_handler=0x453db0, sa_mask=~[], sa_flags=SA_RESTORER|SA_ONSTACK|SA_RESTART|SA_SIGINFO, sa_restorer=0x453ee0}, NULL, 8) = 0
rt_sigaction(SIGRT_8, NULL, {sa_handler=SIG_DFL, sa_mask=[], sa_flags=0}, 8) = 0
rt_sigaction(SIGRT_8, {sa_handler=0x453db0, sa_mask=~[], sa_flags=SA_RESTORER|SA_ONSTACK|SA_RESTART|SA_SIGINFO, sa_restorer=0x453ee0}, NULL, 8) = 0
rt_sigaction(SIGRT_9, NULL, {sa_handler=SIG_DFL, sa_mask=[], sa_flags=0}, 8) = 0
rt_sigaction(SIGRT_9, {sa_handler=0x453db0, sa_mask=~[], sa_flags=SA_RESTORER|SA_ONSTACK|SA_RESTART|SA_SIGINFO, sa_restorer=0x453ee0}, NULL, 8) = 0
rt_sigaction(SIGRT_10, NULL, {sa_handler=SIG_DFL, sa_mask=[], sa_flags=0}, 8) = 0
rt_sigaction(SIGRT_10, {sa_handler=0x453db0, sa_mask=~[], sa_flags=SA_RESTORER|SA_ONSTACK|SA_RESTART|SA_SIGINFO, sa_restorer=0x453ee0}, NULL, 8) = 0
rt_sigaction(SIGRT_11, NULL, {sa_handler=SIG_DFL, sa_mask=[], sa_flags=0}, 8) = 0
rt_sigaction(SIGRT_11, {sa_handler=0x453db0, sa_mask=~[], sa_flags=SA_RESTORER|SA_ONSTACK|SA_RESTART|SA_SIGINFO, sa_restorer=0x453ee0}, NULL, 8) = 0
rt_sigaction(SIGRT_12, NULL, {sa_handler=SIG_DFL, sa_mask=[], sa_flags=0}, 8) = 0
rt_sigaction(SIGRT_12, {sa_handler=0x453db0, sa_mask=~[], sa_flags=SA_RESTORER|SA_ONSTACK|SA_RESTART|SA_SIGINFO, sa_restorer=0x453ee0}, NULL, 8) = 0
rt_sigaction(SIGRT_13, NULL, {sa_handler=SIG_DFL, sa_mask=[], sa_flags=0}, 8) = 0
rt_sigaction(SIGRT_13, {sa_handler=0x453db0, sa_mask=~[], sa_flags=SA_RESTORER|SA_ONSTACK|SA_RESTART|SA_SIGINFO, sa_restorer=0x453ee0}, NULL, 8) = 0
rt_sigaction(SIGRT_14, NULL, {sa_handler=SIG_DFL, sa_mask=[], sa_flags=0}, 8) = 0
rt_sigaction(SIGRT_14, {sa_handler=0x453db0, sa_mask=~[], sa_flags=SA_RESTORER|SA_ONSTACK|SA_RESTART|SA_SIGINFO, sa_restorer=0x453ee0}, NULL, 8) = 0
rt_sigaction(SIGRT_15, NULL, {sa_handler=SIG_DFL, sa_mask=[], sa_flags=0}, 8) = 0
rt_sigaction(SIGRT_15, {sa_handler=0x453db0, sa_mask=~[], sa_flags=SA_RESTORER|SA_ONSTACK|SA_RESTART|SA_SIGINFO, sa_restorer=0x453ee0}, NULL, 8) = 0
rt_sigaction(SIGRT_16, NULL, {sa_handler=SIG_DFL, sa_mask=[], sa_flags=0}, 8) = 0
rt_sigaction(SIGRT_16, {sa_handler=0x453db0, sa_mask=~[], sa_flags=SA_RESTORER|SA_ONSTACK|SA_RESTART|SA_SIGINFO, sa_restorer=0x453ee0}, NULL, 8) = 0
rt_sigaction(SIGRT_17, NULL, {sa_handler=SIG_DFL, sa_mask=[], sa_flags=0}, 8) = 0
rt_sigaction(SIGRT_17, {sa_handler=0x453db0, sa_mask=~[], sa_flags=SA_RESTORER|SA_ONSTACK|SA_RESTART|SA_SIGINFO, sa_restorer=0x453ee0}, NULL, 8) = 0
rt_sigaction(SIGRT_18, NULL, {sa_handler=SIG_DFL, sa_mask=[], sa_flags=0}, 8) = 0
rt_sigaction(SIGRT_18, {sa_handler=0x453db0, sa_mask=~[], sa_flags=SA_RESTORER|SA_ONSTACK|SA_RESTART|SA_SIGINFO, sa_restorer=0x453ee0}, NULL, 8) = 0
rt_sigaction(SIGRT_19, NULL, {sa_handler=SIG_DFL, sa_mask=[], sa_flags=0}, 8) = 0
rt_sigaction(SIGRT_19, {sa_handler=0x453db0, sa_mask=~[], sa_flags=SA_RESTORER|SA_ONSTACK|SA_RESTART|SA_SIGINFO, sa_restorer=0x453ee0}, NULL, 8) = 0
rt_sigaction(SIGRT_20, NULL, {sa_handler=SIG_DFL, sa_mask=[], sa_flags=0}, 8) = 0
rt_sigaction(SIGRT_20, {sa_handler=0x453db0, sa_mask=~[], sa_flags=SA_RESTORER|SA_ONSTACK|SA_RESTART|SA_SIGINFO, sa_restorer=0x453ee0}, NULL, 8) = 0
rt_sigaction(SIGRT_21, NULL, {sa_handler=SIG_DFL, sa_mask=[], sa_flags=0}, 8) = 0
rt_sigaction(SIGRT_21, {sa_handler=0x453db0, sa_mask=~[], sa_flags=SA_RESTORER|SA_ONSTACK|SA_RESTART|SA_SIGINFO, sa_restorer=0x453ee0}, NULL, 8) = 0
rt_sigaction(SIGRT_22, NULL, {sa_handler=SIG_DFL, sa_mask=[], sa_flags=0}, 8) = 0
rt_sigaction(SIGRT_22, {sa_handler=0x453db0, sa_mask=~[], sa_flags=SA_RESTORER|SA_ONSTACK|SA_RESTART|SA_SIGINFO, sa_restorer=0x453ee0}, NULL, 8) = 0
rt_sigaction(SIGRT_23, NULL, {sa_handler=SIG_DFL, sa_mask=[], sa_flags=0}, 8) = 0
rt_sigaction(SIGRT_23, {sa_handler=0x453db0, sa_mask=~[], sa_flags=SA_RESTORER|SA_ONSTACK|SA_RESTART|SA_SIGINFO, sa_restorer=0x453ee0}, NULL, 8) = 0
rt_sigaction(SIGRT_24, NULL, {sa_handler=SIG_DFL, sa_mask=[], sa_flags=0}, 8) = 0
rt_sigaction(SIGRT_24, {sa_handler=0x453db0, sa_mask=~[], sa_flags=SA_RESTORER|SA_ONSTACK|SA_RESTART|SA_SIGINFO, sa_restorer=0x453ee0}, NULL, 8) = 0
rt_sigaction(SIGRT_25, NULL, {sa_handler=SIG_DFL, sa_mask=[], sa_flags=0}, 8) = 0
rt_sigaction(SIGRT_25, {sa_handler=0x453db0, sa_mask=~[], sa_flags=SA_RESTORER|SA_ONSTACK|SA_RESTART|SA_SIGINFO, sa_restorer=0x453ee0}, NULL, 8) = 0
rt_sigaction(SIGRT_26, NULL, {sa_handler=SIG_DFL, sa_mask=[], sa_flags=0}, 8) = 0
rt_sigaction(SIGRT_26, {sa_handler=0x453db0, sa_mask=~[], sa_flags=SA_RESTORER|SA_ONSTACK|SA_RESTART|SA_SIGINFO, sa_restorer=0x453ee0}, NULL, 8) = 0
rt_sigaction(SIGRT_27, NULL, {sa_handler=SIG_DFL, sa_mask=[], sa_flags=0}, 8) = 0
rt_sigaction(SIGRT_27, {sa_handler=0x453db0, sa_mask=~[], sa_flags=SA_RESTORER|SA_ONSTACK|SA_RESTART|SA_SIGINFO, sa_restorer=0x453ee0}, NULL, 8) = 0
rt_sigaction(SIGRT_28, NULL, {sa_handler=SIG_DFL, sa_mask=[], sa_flags=0}, 8) = 0
rt_sigaction(SIGRT_28, {sa_handler=0x453db0, sa_mask=~[], sa_flags=SA_RESTORER|SA_ONSTACK|SA_RESTART|SA_SIGINFO, sa_restorer=0x453ee0}, NULL, 8) = 0
rt_sigaction(SIGRT_29, NULL, {sa_handler=SIG_DFL, sa_mask=[], sa_flags=0}, 8) = 0
rt_sigaction(SIGRT_29, {sa_handler=0x453db0, sa_mask=~[], sa_flags=SA_RESTORER|SA_ONSTACK|SA_RESTART|SA_SIGINFO, sa_restorer=0x453ee0}, NULL, 8) = 0
rt_sigaction(SIGRT_30, NULL, {sa_handler=SIG_DFL, sa_mask=[], sa_flags=0}, 8) = 0
rt_sigaction(SIGRT_30, {sa_handler=0x453db0, sa_mask=~[], sa_flags=SA_RESTORER|SA_ONSTACK|SA_RESTART|SA_SIGINFO, sa_restorer=0x453ee0}, NULL, 8) = 0
rt_sigaction(SIGRT_31, NULL, {sa_handler=SIG_DFL, sa_mask=[], sa_flags=0}, 8) = 0
rt_sigaction(SIGRT_31, {sa_handler=0x453db0, sa_mask=~[], sa_flags=SA_RESTORER|SA_ONSTACK|SA_RESTART|SA_SIGINFO, sa_restorer=0x453ee0}, NULL, 8) = 0
rt_sigaction(SIGRT_32, NULL, {sa_handler=SIG_DFL, sa_mask=[], sa_flags=0}, 8) = 0
rt_sigaction(SIGRT_32, {sa_handler=0x453db0, sa_mask=~[], sa_flags=SA_RESTORER|SA_ONSTACK|SA_RESTART|SA_SIGINFO, sa_restorer=0x453ee0}, NULL, 8) = 0
rt_sigprocmask(SIG_SETMASK, ~[], [], 8) = 0
clone(strace: Process 61759 attached
child_stack=0xc00005e000, flags=CLONE_VM|CLONE_FS|CLONE_FILES|CLONE_SIGHAND|CLONE_THREAD|CLONE_SYSVSEM) = 61759
[pid 61759] gettid( <unfinished ...>
[pid 61758] rt_sigprocmask(SIG_SETMASK, [],  <unfinished ...>
[pid 61759] <... gettid resumed> )      = 61759
[pid 61758] <... rt_sigprocmask resumed> NULL, 8) = 0
[pid 61759] arch_prctl(ARCH_SET_FS, 0xc00004e090 <unfinished ...>
[pid 61758] rt_sigprocmask(SIG_SETMASK, ~[],  <unfinished ...>
[pid 61759] <... arch_prctl resumed> )  = 0
[pid 61758] <... rt_sigprocmask resumed> [], 8) = 0
[pid 61759] sigaltstack(NULL,  <unfinished ...>
[pid 61758] clone( <unfinished ...>
[pid 61759] <... sigaltstack resumed> {ss_sp=NULL, ss_flags=SS_DISABLE, ss_size=0}) = 0
strace: Process 61760 attached
[pid 61758] <... clone resumed> child_stack=0xc000060000, flags=CLONE_VM|CLONE_FS|CLONE_FILES|CLONE_SIGHAND|CLONE_THREAD|CLONE_SYSVSEM) = 61760
[pid 61760] gettid( <unfinished ...>
[pid 61758] rt_sigprocmask(SIG_SETMASK, [],  <unfinished ...>
[pid 61760] <... gettid resumed> )      = 61760
[pid 61758] <... rt_sigprocmask resumed> NULL, 8) = 0
[pid 61760] arch_prctl(ARCH_SET_FS, 0xc00004e410 <unfinished ...>
[pid 61758] rt_sigprocmask(SIG_SETMASK, ~[],  <unfinished ...>
[pid 61760] <... arch_prctl resumed> )  = 0
[pid 61758] <... rt_sigprocmask resumed> [], 8) = 0
[pid 61760] sigaltstack(NULL,  <unfinished ...>
[pid 61758] clone( <unfinished ...>
[pid 61760] <... sigaltstack resumed> {ss_sp=NULL, ss_flags=SS_DISABLE, ss_size=0}) = 0
strace: Process 61761 attached
[pid 61758] <... clone resumed> child_stack=0xc00005a000, flags=CLONE_VM|CLONE_FS|CLONE_FILES|CLONE_SIGHAND|CLONE_THREAD|CLONE_SYSVSEM) = 61761
[pid 61761] gettid( <unfinished ...>
[pid 61758] rt_sigprocmask(SIG_SETMASK, [],  <unfinished ...>
[pid 61761] <... gettid resumed> )      = 61761
[pid 61758] <... rt_sigprocmask resumed> NULL, 8) = 0
[pid 61761] arch_prctl(ARCH_SET_FS, 0xc00004e790 <unfinished ...>
[pid 61758] futex(0x538088, FUTEX_WAIT_PRIVATE, 0, NULL <unfinished ...>
[pid 61761] <... arch_prctl resumed> )  = 0
[pid 61760] sigaltstack({ss_sp=0xc000060000, ss_flags=0, ss_size=32768},  <unfinished ...>
[pid 61761] sigaltstack(NULL,  <unfinished ...>
[pid 61760] <... sigaltstack resumed> NULL) = 0
[pid 61759] sigaltstack({ss_sp=0xc000050000, ss_flags=0, ss_size=32768},  <unfinished ...>
[pid 61761] <... sigaltstack resumed> {ss_sp=NULL, ss_flags=SS_DISABLE, ss_size=0}) = 0
[pid 61760] rt_sigprocmask(SIG_SETMASK, [],  <unfinished ...>
[pid 61759] <... sigaltstack resumed> NULL) = 0
[pid 61761] sigaltstack({ss_sp=0xc00006a000, ss_flags=0, ss_size=32768},  <unfinished ...>
[pid 61760] <... rt_sigprocmask resumed> NULL, 8) = 0
[pid 61761] <... sigaltstack resumed> NULL) = 0
[pid 61760] gettid( <unfinished ...>
[pid 61761] rt_sigprocmask(SIG_SETMASK, [],  <unfinished ...>
[pid 61760] <... gettid resumed> )      = 61760
[pid 61761] <... rt_sigprocmask resumed> NULL, 8) = 0
[pid 61760] rt_sigprocmask(SIG_SETMASK, ~[],  <unfinished ...>
[pid 61761] gettid( <unfinished ...>
[pid 61759] rt_sigprocmask(SIG_SETMASK, [],  <unfinished ...>
[pid 61761] <... gettid resumed> )      = 61761
[pid 61760] <... rt_sigprocmask resumed> [], 8) = 0
[pid 61761] futex(0x538088, FUTEX_WAKE_PRIVATE, 1 <unfinished ...>
[pid 61760] clone( <unfinished ...>
[pid 61761] <... futex resumed> )       = 1
[pid 61758] <... futex resumed> )       = 0
strace: Process 61762 attached
[pid 61758] futex(0xc00004e848, FUTEX_WAKE_PRIVATE, 1 <unfinished ...>
[pid 61762] gettid( <unfinished ...>
[pid 61758] <... futex resumed> )       = 0
[pid 61762] <... gettid resumed> )      = 61762
[pid 61758] futex(0x538088, FUTEX_WAIT_PRIVATE, 0, NULL <unfinished ...>
[pid 61762] arch_prctl(ARCH_SET_FS, 0xc000072090 <unfinished ...>
[pid 61761] futex(0xc00004e848, FUTEX_WAIT_PRIVATE, 0, NULL <unfinished ...>
[pid 61762] <... arch_prctl resumed> )  = 0
[pid 61761] <... futex resumed> )       = -1 EAGAIN (Resource temporarily unavailable)
[pid 61762] sigaltstack(NULL,  <unfinished ...>
[pid 61761] futex(0x538088, FUTEX_WAKE_PRIVATE, 1 <unfinished ...>
[pid 61762] <... sigaltstack resumed> {ss_sp=NULL, ss_flags=SS_DISABLE, ss_size=0}) = 0
[pid 61758] <... futex resumed> )       = 0
[pid 61762] sigaltstack({ss_sp=0xc000076000, ss_flags=0, ss_size=32768},  <unfinished ...>
[pid 61761] <... futex resumed> )       = 1
[pid 61760] <... clone resumed> child_stack=0xc000084000, flags=CLONE_VM|CLONE_FS|CLONE_FILES|CLONE_SIGHAND|CLONE_THREAD|CLONE_SYSVSEM) = 61762
[pid 61762] <... sigaltstack resumed> NULL) = 0
[pid 61761] futex(0xc00004e848, FUTEX_WAIT_PRIVATE, 0, NULL <unfinished ...>
[pid 61760] rt_sigprocmask(SIG_SETMASK, [],  <unfinished ...>
[pid 61762] rt_sigprocmask(SIG_SETMASK, [],  <unfinished ...>
[pid 61758] readlinkat(AT_FDCWD, "/proc/self/exe",  <unfinished ...>
[pid 61762] <... rt_sigprocmask resumed> NULL, 8) = 0
[pid 61758] <... readlinkat resumed> "/home/myitcv/dev/ptyrepro/ptyrep"..., 128) = 34
[pid 61762] gettid( <unfinished ...>
[pid 61758] fcntl(0, F_GETFL <unfinished ...>
[pid 61762] <... gettid resumed> )      = 61762
[pid 61758] <... fcntl resumed> )       = 0x8402 (flags O_RDWR|O_APPEND|O_LARGEFILE)
[pid 61762] futex(0xc000072148, FUTEX_WAIT_PRIVATE, 0, NULL <unfinished ...>
[pid 61758] futex(0xc000072148, FUTEX_WAKE_PRIVATE, 1 <unfinished ...>
[pid 61762] <... futex resumed> )       = -1 EAGAIN (Resource temporarily unavailable)
[pid 61758] <... futex resumed> )       = 0
[pid 61762] nanosleep({tv_sec=0, tv_nsec=3000},  <unfinished ...>
[pid 61758] mmap(NULL, 262144, PROT_READ|PROT_WRITE, MAP_PRIVATE|MAP_ANONYMOUS, -1, 0 <unfinished ...>
[pid 61760] <... rt_sigprocmask resumed> NULL, 8) = 0
[pid 61758] <... mmap resumed> )        = 0x7f3f63d87000
[pid 61762] <... nanosleep resumed> NULL) = 0
[pid 61758] fcntl(1, F_GETFL <unfinished ...>
[pid 61762] futex(0xc000072148, FUTEX_WAIT_PRIVATE, 0, NULL <unfinished ...>
[pid 61758] <... fcntl resumed> )       = 0x1 (flags O_WRONLY)
[pid 61760] nanosleep({tv_sec=0, tv_nsec=3000},  <unfinished ...>
[pid 61758] fcntl(2, F_GETFL <unfinished ...>
[pid 61759] <... rt_sigprocmask resumed> NULL, 8) = 0
[pid 61758] <... fcntl resumed> )       = 0x1 (flags O_WRONLY)
[pid 61760] <... nanosleep resumed> NULL) = 0
[pid 61759] gettid( <unfinished ...>
[pid 61758] newfstatat(AT_FDCWD, "/home/myitcv/gos/misc/wasm/vim",  <unfinished ...>
[pid 61760] futex(0xc00004e4c8, FUTEX_WAIT_PRIVATE, 0, NULL <unfinished ...>
[pid 61758] <... newfstatat resumed> 0xc00008a928, 0) = -1 ENOENT (No such file or directory)
[pid 61759] <... gettid resumed> )      = 61759
[pid 61758] newfstatat(AT_FDCWD, "/home/myitcv/bin/myitcv_io_go/vim",  <unfinished ...>
[pid 61759] nanosleep({tv_sec=0, tv_nsec=20000},  <unfinished ...>
[pid 61758] <... newfstatat resumed> 0xc00008a9f8, 0) = -1 ENOENT (No such file or directory)
[pid 61758] newfstatat(AT_FDCWD, "/home/myitcv/bin/vim",  <unfinished ...>
[pid 61759] <... nanosleep resumed> NULL) = 0
[pid 61759] nanosleep({tv_sec=0, tv_nsec=20000},  <unfinished ...>
[pid 61758] <... newfstatat resumed> 0xc00008aac8, 0) = -1 ENOENT (No such file or directory)
[pid 61758] newfstatat(AT_FDCWD, "/home/myitcv/gos/misc/wasm/vim",  <unfinished ...>
[pid 61759] <... nanosleep resumed> NULL) = 0
[pid 61758] <... newfstatat resumed> 0xc00008ab98, 0) = -1 ENOENT (No such file or directory)
[pid 61758] newfstatat(AT_FDCWD, "/home/myitcv/bin/myitcv_io_go/vim",  <unfinished ...>
[pid 61759] nanosleep({tv_sec=0, tv_nsec=20000},  <unfinished ...>
[pid 61758] <... newfstatat resumed> 0xc00008ac68, 0) = -1 ENOENT (No such file or directory)
[pid 61758] newfstatat(AT_FDCWD, "/home/myitcv/bin/vim", 0xc00008ad38, 0) = -1 ENOENT (No such file or directory)
[pid 61759] <... nanosleep resumed> NULL) = 0
[pid 61758] newfstatat(AT_FDCWD, "/home/myitcv/bin/bingo/vim",  <unfinished ...>
[pid 61759] nanosleep({tv_sec=0, tv_nsec=20000},  <unfinished ...>
[pid 61758] <... newfstatat resumed> 0xc00008ae08, 0) = -1 ENOENT (No such file or directory)
[pid 61758] newfstatat(AT_FDCWD, "/home/myitcv/nodes/bin/vim",  <unfinished ...>
[pid 61759] <... nanosleep resumed> NULL) = 0
[pid 61758] <... newfstatat resumed> 0xc00008aed8, 0) = -1 ENOENT (No such file or directory)
[pid 61759] nanosleep({tv_sec=0, tv_nsec=20000},  <unfinished ...>
[pid 61758] newfstatat(AT_FDCWD, "/home/myitcv/nodes/bin/vim", 0xc00008afa8, 0) = -1 ENOENT (No such file or directory)
[pid 61758] newfstatat(AT_FDCWD, "/home/myitcv/rubys/bin/vim",  <unfinished ...>
[pid 61759] <... nanosleep resumed> NULL) = 0
[pid 61758] <... newfstatat resumed> 0xc00008b078, 0) = -1 ENOENT (No such file or directory)
[pid 61759] nanosleep({tv_sec=0, tv_nsec=20000},  <unfinished ...>
[pid 61758] newfstatat(AT_FDCWD, "/home/myitcv/python3s/bin/vim", 0xc00008b148, 0) = -1 ENOENT (No such file or directory)
[pid 61759] <... nanosleep resumed> NULL) = 0
[pid 61758] newfstatat(AT_FDCWD, "/home/myitcv/pythons/bin/vim",  <unfinished ...>
[pid 61759] nanosleep({tv_sec=0, tv_nsec=20000},  <unfinished ...>
[pid 61758] <... newfstatat resumed> 0xc00008b218, 0) = -1 ENOENT (No such file or directory)
[pid 61758] newfstatat(AT_FDCWD, "/home/myitcv/bin/vim", 0xc00008b2e8, 0) = -1 ENOENT (No such file or directory)
[pid 61758] newfstatat(AT_FDCWD, "/home/myitcv/usr/google-cloud-sdk/bin/vim",  <unfinished ...>
[pid 61759] <... nanosleep resumed> NULL) = 0
[pid 61758] <... newfstatat resumed> 0xc00008b3b8, 0) = -1 ENOENT (No such file or directory)
[pid 61759] nanosleep({tv_sec=0, tv_nsec=20000},  <unfinished ...>
[pid 61758] newfstatat(AT_FDCWD, "/home/myitcv/usr/chromedriver/vim", 0xc00008b488, 0) = -1 ENOENT (No such file or directory)
[pid 61759] <... nanosleep resumed> NULL) = 0
[pid 61758] newfstatat(AT_FDCWD, "/home/myitcv/usr/wabt/bin/vim",  <unfinished ...>
[pid 61759] nanosleep({tv_sec=0, tv_nsec=20000},  <unfinished ...>
[pid 61758] <... newfstatat resumed> 0xc00008b558, 0) = -1 ENOENT (No such file or directory)
[pid 61758] newfstatat(AT_FDCWD, "/home/myitcv/usr/git/bin/vim", 0xc00008b628, 0) = -1 ENOENT (No such file or directory)
[pid 61759] <... nanosleep resumed> NULL) = 0
[pid 61758] newfstatat(AT_FDCWD, "/home/myitcv/usr/clang/bin/vim",  <unfinished ...>
[pid 61759] nanosleep({tv_sec=0, tv_nsec=20000},  <unfinished ...>
[pid 61758] <... newfstatat resumed> 0xc00008b6f8, 0) = -1 ENOENT (No such file or directory)
[pid 61758] newfstatat(AT_FDCWD, "/home/myitcv/usr/vim/bin/vim",  <unfinished ...>
[pid 61759] <... nanosleep resumed> NULL) = 0
[pid 61758] <... newfstatat resumed> {st_mode=S_IFREG|0755, st_size=3292968, ...}, 0) = 0
[pid 61759] nanosleep({tv_sec=0, tv_nsec=20000},  <unfinished ...>
[pid 61758] openat(AT_FDCWD, "/dev/ptmx", O_RDWR|O_CLOEXEC <unfinished ...>
[pid 61759] <... nanosleep resumed> NULL) = 0
[pid 61759] nanosleep({tv_sec=0, tv_nsec=20000},  <unfinished ...>
[pid 61758] <... openat resumed> )      = 3
[pid 61758] epoll_create1(EPOLL_CLOEXEC <unfinished ...>
[pid 61759] <... nanosleep resumed> NULL) = 0
[pid 61758] <... epoll_create1 resumed> ) = 4
[pid 61759] nanosleep({tv_sec=0, tv_nsec=20000},  <unfinished ...>
[pid 61758] epoll_ctl(4, EPOLL_CTL_ADD, 3, {EPOLLIN|EPOLLOUT|EPOLLRDHUP|EPOLLET, {u32=1675148968, u64=139910234816168}}) = 0
[pid 61758] fcntl(3, F_GETFL <unfinished ...>
[pid 61759] <... nanosleep resumed> NULL) = 0
[pid 61758] <... fcntl resumed> )       = 0x8002 (flags O_RDWR|O_LARGEFILE)
[pid 61758] fcntl(3, F_SETFL, O_RDWR|O_NONBLOCK|O_LARGEFILE <unfinished ...>
[pid 61759] epoll_pwait(4,  <unfinished ...>
[pid 61758] <... fcntl resumed> )       = 0
[pid 61758] fcntl(3, F_GETFL <unfinished ...>
[pid 61759] <... epoll_pwait resumed> [{EPOLLOUT, {u32=1675148968, u64=139910234816168}}], 128, 0, NULL, 140729522364544) = 1
[pid 61758] <... fcntl resumed> )       = 0x8802 (flags O_RDWR|O_NONBLOCK|O_LARGEFILE)
[pid 61758] fcntl(3, F_SETFL, O_RDWR|O_LARGEFILE <unfinished ...>
[pid 61759] nanosleep({tv_sec=0, tv_nsec=20000},  <unfinished ...>
[pid 61758] <... fcntl resumed> )       = 0
[pid 61758] ioctl(3, TIOCGPTN, [4])     = 0
[pid 61759] <... nanosleep resumed> NULL) = 0
[pid 61758] fcntl(3, F_GETFL <unfinished ...>
[pid 61759] nanosleep({tv_sec=0, tv_nsec=20000},  <unfinished ...>
[pid 61758] <... fcntl resumed> )       = 0x8002 (flags O_RDWR|O_LARGEFILE)
[pid 61758] fcntl(3, F_SETFL, O_RDWR|O_LARGEFILE) = 0
[pid 61759] <... nanosleep resumed> NULL) = 0
[pid 61758] ioctl(3, TIOCSPTLCK, [0] <unfinished ...>
[pid 61759] nanosleep({tv_sec=0, tv_nsec=20000},  <unfinished ...>
[pid 61758] <... ioctl resumed> )       = 0
[pid 61758] openat(AT_FDCWD, "/dev/pts/4", O_RDWR|O_NOCTTY|O_CLOEXEC) = 5
[pid 61759] <... nanosleep resumed> NULL) = 0
[pid 61758] epoll_ctl(4, EPOLL_CTL_ADD, 5, {EPOLLIN|EPOLLOUT|EPOLLRDHUP|EPOLLET, {u32=1675148760, u64=139910234815960}} <unfinished ...>
[pid 61759] nanosleep({tv_sec=0, tv_nsec=20000},  <unfinished ...>
[pid 61758] <... epoll_ctl resumed> )   = 0
[pid 61758] fcntl(5, F_GETFL <unfinished ...>
[pid 61759] <... nanosleep resumed> NULL) = 0
[pid 61758] <... fcntl resumed> )       = 0x8002 (flags O_RDWR|O_LARGEFILE)
[pid 61759] nanosleep({tv_sec=0, tv_nsec=20000},  <unfinished ...>
[pid 61758] fcntl(5, F_SETFL, O_RDWR|O_NONBLOCK|O_LARGEFILE) = 0
[pid 61759] <... nanosleep resumed> NULL) = 0
[pid 61759] nanosleep({tv_sec=0, tv_nsec=20000},  <unfinished ...>
[pid 61758] fcntl(5, F_GETFL)           = 0x8802 (flags O_RDWR|O_NONBLOCK|O_LARGEFILE)
[pid 61758] fcntl(5, F_SETFL, O_RDWR|O_LARGEFILE <unfinished ...>
[pid 61759] <... nanosleep resumed> NULL) = 0
[pid 61758] <... fcntl resumed> )       = 0
[pid 61759] nanosleep({tv_sec=0, tv_nsec=20000},  <unfinished ...>
[pid 61758] fcntl(5, F_GETFL)           = 0x8002 (flags O_RDWR|O_LARGEFILE)
[pid 61758] fcntl(5, F_SETFL, O_RDWR|O_LARGEFILE) = 0
[pid 61759] <... nanosleep resumed> NULL) = 0
[pid 61758] fcntl(5, F_GETFL)           = 0x8002 (flags O_RDWR|O_LARGEFILE)
[pid 61759] nanosleep({tv_sec=0, tv_nsec=20000},  <unfinished ...>
[pid 61758] fcntl(5, F_SETFL, O_RDWR|O_LARGEFILE) = 0
[pid 61758] pipe2( <unfinished ...>
[pid 61759] <... nanosleep resumed> NULL) = 0
[pid 61758] <... pipe2 resumed> [6, 7], O_CLOEXEC) = 0
[pid 61759] nanosleep({tv_sec=0, tv_nsec=20000},  <unfinished ...>
[pid 61758] getpid()                    = 61758
[pid 61758] rt_sigprocmask(SIG_SETMASK, NULL,  <unfinished ...>
[pid 61759] <... nanosleep resumed> NULL) = 0
[pid 61758] <... rt_sigprocmask resumed> [], 8) = 0
[pid 61759] nanosleep({tv_sec=0, tv_nsec=20000},  <unfinished ...>
[pid 61758] rt_sigprocmask(SIG_SETMASK, ~[], NULL, 8) = 0
[pid 61758] clone( <unfinished ...>
[pid 61759] <... nanosleep resumed> NULL) = 0
strace: Process 61763 attached
[pid 61759] nanosleep({tv_sec=0, tv_nsec=20000},  <unfinished ...>
[pid 61763] rt_sigaction(SIGHUP, {sa_handler=SIG_DFL, sa_mask=~[], sa_flags=SA_RESTORER|SA_ONSTACK|SA_RESTART|SA_SIGINFO, sa_restorer=0x453ee0}, NULL, 8) = 0
[pid 61759] <... nanosleep resumed> NULL) = 0
[pid 61763] rt_sigaction(SIGINT, {sa_handler=SIG_DFL, sa_mask=~[], sa_flags=SA_RESTORER|SA_ONSTACK|SA_RESTART|SA_SIGINFO, sa_restorer=0x453ee0},  <unfinished ...>
[pid 61759] nanosleep({tv_sec=0, tv_nsec=20000},  <unfinished ...>
[pid 61763] <... rt_sigaction resumed> NULL, 8) = 0
[pid 61763] rt_sigaction(SIGQUIT, {sa_handler=SIG_DFL, sa_mask=~[], sa_flags=SA_RESTORER|SA_ONSTACK|SA_RESTART|SA_SIGINFO, sa_restorer=0x453ee0},  <unfinished ...>
[pid 61759] <... nanosleep resumed> NULL) = 0
[pid 61763] <... rt_sigaction resumed> NULL, 8) = 0
[pid 61759] nanosleep({tv_sec=0, tv_nsec=20000},  <unfinished ...>
[pid 61763] rt_sigaction(SIGILL, {sa_handler=SIG_DFL, sa_mask=~[], sa_flags=SA_RESTORER|SA_ONSTACK|SA_RESTART|SA_SIGINFO, sa_restorer=0x453ee0}, NULL, 8) = 0
[pid 61759] <... nanosleep resumed> NULL) = 0
[pid 61763] rt_sigaction(SIGTRAP, {sa_handler=SIG_DFL, sa_mask=~[], sa_flags=SA_RESTORER|SA_ONSTACK|SA_RESTART|SA_SIGINFO, sa_restorer=0x453ee0},  <unfinished ...>
[pid 61759] nanosleep({tv_sec=0, tv_nsec=20000},  <unfinished ...>
[pid 61763] <... rt_sigaction resumed> NULL, 8) = 0
[pid 61763] rt_sigaction(SIGABRT, {sa_handler=SIG_DFL, sa_mask=~[], sa_flags=SA_RESTORER|SA_ONSTACK|SA_RESTART|SA_SIGINFO, sa_restorer=0x453ee0},  <unfinished ...>
[pid 61759] <... nanosleep resumed> NULL) = 0
[pid 61763] <... rt_sigaction resumed> NULL, 8) = 0
[pid 61759] nanosleep({tv_sec=0, tv_nsec=20000},  <unfinished ...>
[pid 61763] rt_sigaction(SIGBUS, {sa_handler=SIG_DFL, sa_mask=~[], sa_flags=SA_RESTORER|SA_ONSTACK|SA_RESTART|SA_SIGINFO, sa_restorer=0x453ee0}, NULL, 8) = 0
[pid 61759] <... nanosleep resumed> NULL) = 0
[pid 61763] rt_sigaction(SIGFPE, {sa_handler=SIG_DFL, sa_mask=~[], sa_flags=SA_RESTORER|SA_ONSTACK|SA_RESTART|SA_SIGINFO, sa_restorer=0x453ee0},  <unfinished ...>
[pid 61759] nanosleep({tv_sec=0, tv_nsec=20000},  <unfinished ...>
[pid 61763] <... rt_sigaction resumed> NULL, 8) = 0
[pid 61763] rt_sigaction(SIGUSR1, {sa_handler=SIG_DFL, sa_mask=~[], sa_flags=SA_RESTORER|SA_ONSTACK|SA_RESTART|SA_SIGINFO, sa_restorer=0x453ee0},  <unfinished ...>
[pid 61759] <... nanosleep resumed> NULL) = 0
[pid 61763] <... rt_sigaction resumed> NULL, 8) = 0
[pid 61759] nanosleep({tv_sec=0, tv_nsec=20000},  <unfinished ...>
[pid 61763] rt_sigaction(SIGSEGV, {sa_handler=SIG_DFL, sa_mask=~[], sa_flags=SA_RESTORER|SA_ONSTACK|SA_RESTART|SA_SIGINFO, sa_restorer=0x453ee0}, NULL, 8) = 0
[pid 61759] <... nanosleep resumed> NULL) = 0
[pid 61763] rt_sigaction(SIGUSR2, {sa_handler=SIG_DFL, sa_mask=~[], sa_flags=SA_RESTORER|SA_ONSTACK|SA_RESTART|SA_SIGINFO, sa_restorer=0x453ee0},  <unfinished ...>
[pid 61759] nanosleep({tv_sec=0, tv_nsec=20000},  <unfinished ...>
[pid 61763] <... rt_sigaction resumed> NULL, 8) = 0
[pid 61763] rt_sigaction(SIGPIPE, {sa_handler=SIG_DFL, sa_mask=~[], sa_flags=SA_RESTORER|SA_ONSTACK|SA_RESTART|SA_SIGINFO, sa_restorer=0x453ee0},  <unfinished ...>
[pid 61759] <... nanosleep resumed> NULL) = 0
[pid 61763] <... rt_sigaction resumed> NULL, 8) = 0
[pid 61759] nanosleep({tv_sec=0, tv_nsec=20000},  <unfinished ...>
[pid 61763] rt_sigaction(SIGALRM, {sa_handler=SIG_DFL, sa_mask=~[], sa_flags=SA_RESTORER|SA_ONSTACK|SA_RESTART|SA_SIGINFO, sa_restorer=0x453ee0}, NULL, 8) = 0
[pid 61759] <... nanosleep resumed> NULL) = 0
[pid 61763] rt_sigaction(SIGTERM, {sa_handler=SIG_DFL, sa_mask=~[], sa_flags=SA_RESTORER|SA_ONSTACK|SA_RESTART|SA_SIGINFO, sa_restorer=0x453ee0},  <unfinished ...>
[pid 61759] nanosleep({tv_sec=0, tv_nsec=20000},  <unfinished ...>
[pid 61763] <... rt_sigaction resumed> NULL, 8) = 0
[pid 61763] rt_sigaction(SIGSTKFLT, {sa_handler=SIG_DFL, sa_mask=~[], sa_flags=SA_RESTORER|SA_ONSTACK|SA_RESTART|SA_SIGINFO, sa_restorer=0x453ee0}, NULL, 8) = 0
[pid 61759] <... nanosleep resumed> NULL) = 0
[pid 61763] rt_sigaction(SIGCHLD, {sa_handler=SIG_DFL, sa_mask=~[], sa_flags=SA_RESTORER|SA_ONSTACK|SA_RESTART|SA_SIGINFO, sa_restorer=0x453ee0},  <unfinished ...>
[pid 61759] nanosleep({tv_sec=0, tv_nsec=20000},  <unfinished ...>
[pid 61763] <... rt_sigaction resumed> NULL, 8) = 0
[pid 61763] rt_sigaction(SIGURG, {sa_handler=SIG_DFL, sa_mask=~[], sa_flags=SA_RESTORER|SA_ONSTACK|SA_RESTART|SA_SIGINFO, sa_restorer=0x453ee0},  <unfinished ...>
[pid 61759] <... nanosleep resumed> NULL) = 0
[pid 61763] <... rt_sigaction resumed> NULL, 8) = 0
[pid 61759] nanosleep({tv_sec=0, tv_nsec=20000},  <unfinished ...>
[pid 61763] rt_sigaction(SIGXCPU, {sa_handler=SIG_DFL, sa_mask=~[], sa_flags=SA_RESTORER|SA_ONSTACK|SA_RESTART|SA_SIGINFO, sa_restorer=0x453ee0}, NULL, 8) = 0
[pid 61759] <... nanosleep resumed> NULL) = 0
[pid 61763] rt_sigaction(SIGXFSZ, {sa_handler=SIG_DFL, sa_mask=~[], sa_flags=SA_RESTORER|SA_ONSTACK|SA_RESTART|SA_SIGINFO, sa_restorer=0x453ee0},  <unfinished ...>
[pid 61759] nanosleep({tv_sec=0, tv_nsec=20000},  <unfinished ...>
[pid 61763] <... rt_sigaction resumed> NULL, 8) = 0
[pid 61763] rt_sigaction(SIGVTALRM, {sa_handler=SIG_DFL, sa_mask=~[], sa_flags=SA_RESTORER|SA_ONSTACK|SA_RESTART|SA_SIGINFO, sa_restorer=0x453ee0},  <unfinished ...>
[pid 61759] <... nanosleep resumed> NULL) = 0
[pid 61763] <... rt_sigaction resumed> NULL, 8) = 0
[pid 61759] nanosleep({tv_sec=0, tv_nsec=20000},  <unfinished ...>
[pid 61763] rt_sigaction(SIGPROF, {sa_handler=SIG_DFL, sa_mask=~[], sa_flags=SA_RESTORER|SA_ONSTACK|SA_RESTART|SA_SIGINFO, sa_restorer=0x453ee0}, NULL, 8) = 0
[pid 61759] <... nanosleep resumed> NULL) = 0
[pid 61763] rt_sigaction(SIGWINCH, {sa_handler=SIG_DFL, sa_mask=~[], sa_flags=SA_RESTORER|SA_ONSTACK|SA_RESTART|SA_SIGINFO, sa_restorer=0x453ee0},  <unfinished ...>
[pid 61759] nanosleep({tv_sec=0, tv_nsec=20000},  <unfinished ...>
[pid 61763] <... rt_sigaction resumed> NULL, 8) = 0
[pid 61759] <... nanosleep resumed> NULL) = 0
[pid 61763] rt_sigaction(SIGIO, {sa_handler=SIG_DFL, sa_mask=~[], sa_flags=SA_RESTORER|SA_ONSTACK|SA_RESTART|SA_SIGINFO, sa_restorer=0x453ee0}, NULL, 8) = 0
[pid 61759] nanosleep({tv_sec=0, tv_nsec=20000},  <unfinished ...>
[pid 61763] rt_sigaction(SIGPWR, {sa_handler=SIG_DFL, sa_mask=~[], sa_flags=SA_RESTORER|SA_ONSTACK|SA_RESTART|SA_SIGINFO, sa_restorer=0x453ee0},  <unfinished ...>
[pid 61759] <... nanosleep resumed> NULL) = 0
[pid 61763] <... rt_sigaction resumed> NULL, 8) = 0
[pid 61759] nanosleep({tv_sec=0, tv_nsec=20000},  <unfinished ...>
[pid 61763] rt_sigaction(SIGSYS, {sa_handler=SIG_DFL, sa_mask=~[], sa_flags=SA_RESTORER|SA_ONSTACK|SA_RESTART|SA_SIGINFO, sa_restorer=0x453ee0},  <unfinished ...>
[pid 61759] <... nanosleep resumed> NULL) = 0
[pid 61763] <... rt_sigaction resumed> NULL, 8) = 0
[pid 61759] nanosleep({tv_sec=0, tv_nsec=20000},  <unfinished ...>
[pid 61763] rt_sigaction(SIGRT_2, {sa_handler=SIG_DFL, sa_mask=~[], sa_flags=SA_RESTORER|SA_ONSTACK|SA_RESTART|SA_SIGINFO, sa_restorer=0x453ee0},  <unfinished ...>
[pid 61759] <... nanosleep resumed> NULL) = 0
[pid 61763] <... rt_sigaction resumed> NULL, 8) = 0
[pid 61759] nanosleep({tv_sec=0, tv_nsec=20000},  <unfinished ...>
[pid 61763] rt_sigaction(SIGRT_3, {sa_handler=SIG_DFL, sa_mask=~[], sa_flags=SA_RESTORER|SA_ONSTACK|SA_RESTART|SA_SIGINFO, sa_restorer=0x453ee0}, NULL, 8) = 0
[pid 61759] <... nanosleep resumed> NULL) = 0
[pid 61763] rt_sigaction(SIGRT_4, {sa_handler=SIG_DFL, sa_mask=~[], sa_flags=SA_RESTORER|SA_ONSTACK|SA_RESTART|SA_SIGINFO, sa_restorer=0x453ee0},  <unfinished ...>
[pid 61759] nanosleep({tv_sec=0, tv_nsec=20000},  <unfinished ...>
[pid 61763] <... rt_sigaction resumed> NULL, 8) = 0
[pid 61759] <... nanosleep resumed> NULL) = 0
[pid 61763] rt_sigaction(SIGRT_5, {sa_handler=SIG_DFL, sa_mask=~[], sa_flags=SA_RESTORER|SA_ONSTACK|SA_RESTART|SA_SIGINFO, sa_restorer=0x453ee0},  <unfinished ...>
[pid 61759] epoll_pwait(4, [{EPOLLOUT, {u32=1675148760, u64=139910234815960}}], 128, 0, NULL, 140729522364544) = 1
[pid 61763] <... rt_sigaction resumed> NULL, 8) = 0
[pid 61759] nanosleep({tv_sec=0, tv_nsec=20000},  <unfinished ...>
[pid 61763] rt_sigaction(SIGRT_6, {sa_handler=SIG_DFL, sa_mask=~[], sa_flags=SA_RESTORER|SA_ONSTACK|SA_RESTART|SA_SIGINFO, sa_restorer=0x453ee0},  <unfinished ...>
[pid 61759] <... nanosleep resumed> NULL) = 0
[pid 61763] <... rt_sigaction resumed> NULL, 8) = 0
[pid 61759] nanosleep({tv_sec=0, tv_nsec=20000},  <unfinished ...>
[pid 61763] rt_sigaction(SIGRT_7, {sa_handler=SIG_DFL, sa_mask=~[], sa_flags=SA_RESTORER|SA_ONSTACK|SA_RESTART|SA_SIGINFO, sa_restorer=0x453ee0},  <unfinished ...>
[pid 61759] <... nanosleep resumed> NULL) = 0
[pid 61763] <... rt_sigaction resumed> NULL, 8) = 0
[pid 61759] nanosleep({tv_sec=0, tv_nsec=20000},  <unfinished ...>
[pid 61763] rt_sigaction(SIGRT_8, {sa_handler=SIG_DFL, sa_mask=~[], sa_flags=SA_RESTORER|SA_ONSTACK|SA_RESTART|SA_SIGINFO, sa_restorer=0x453ee0}, NULL, 8) = 0
[pid 61759] <... nanosleep resumed> NULL) = 0
[pid 61763] rt_sigaction(SIGRT_9, {sa_handler=SIG_DFL, sa_mask=~[], sa_flags=SA_RESTORER|SA_ONSTACK|SA_RESTART|SA_SIGINFO, sa_restorer=0x453ee0},  <unfinished ...>
[pid 61759] nanosleep({tv_sec=0, tv_nsec=20000},  <unfinished ...>
[pid 61763] <... rt_sigaction resumed> NULL, 8) = 0
[pid 61763] rt_sigaction(SIGRT_10, {sa_handler=SIG_DFL, sa_mask=~[], sa_flags=SA_RESTORER|SA_ONSTACK|SA_RESTART|SA_SIGINFO, sa_restorer=0x453ee0},  <unfinished ...>
[pid 61759] <... nanosleep resumed> NULL) = 0
[pid 61763] <... rt_sigaction resumed> NULL, 8) = 0
[pid 61759] nanosleep({tv_sec=0, tv_nsec=20000},  <unfinished ...>
[pid 61763] rt_sigaction(SIGRT_11, {sa_handler=SIG_DFL, sa_mask=~[], sa_flags=SA_RESTORER|SA_ONSTACK|SA_RESTART|SA_SIGINFO, sa_restorer=0x453ee0}, NULL, 8) = 0
[pid 61759] <... nanosleep resumed> NULL) = 0
[pid 61763] rt_sigaction(SIGRT_12, {sa_handler=SIG_DFL, sa_mask=~[], sa_flags=SA_RESTORER|SA_ONSTACK|SA_RESTART|SA_SIGINFO, sa_restorer=0x453ee0},  <unfinished ...>
[pid 61759] nanosleep({tv_sec=0, tv_nsec=20000},  <unfinished ...>
[pid 61763] <... rt_sigaction resumed> NULL, 8) = 0
[pid 61763] rt_sigaction(SIGRT_13, {sa_handler=SIG_DFL, sa_mask=~[], sa_flags=SA_RESTORER|SA_ONSTACK|SA_RESTART|SA_SIGINFO, sa_restorer=0x453ee0},  <unfinished ...>
[pid 61759] <... nanosleep resumed> NULL) = 0
[pid 61763] <... rt_sigaction resumed> NULL, 8) = 0
[pid 61759] nanosleep({tv_sec=0, tv_nsec=20000},  <unfinished ...>
[pid 61763] rt_sigaction(SIGRT_14, {sa_handler=SIG_DFL, sa_mask=~[], sa_flags=SA_RESTORER|SA_ONSTACK|SA_RESTART|SA_SIGINFO, sa_restorer=0x453ee0},  <unfinished ...>
[pid 61759] <... nanosleep resumed> NULL) = 0
[pid 61763] <... rt_sigaction resumed> NULL, 8) = 0
[pid 61759] nanosleep({tv_sec=0, tv_nsec=20000},  <unfinished ...>
[pid 61763] rt_sigaction(SIGRT_15, {sa_handler=SIG_DFL, sa_mask=~[], sa_flags=SA_RESTORER|SA_ONSTACK|SA_RESTART|SA_SIGINFO, sa_restorer=0x453ee0},  <unfinished ...>
[pid 61759] <... nanosleep resumed> NULL) = 0
[pid 61763] <... rt_sigaction resumed> NULL, 8) = 0
[pid 61759] nanosleep({tv_sec=0, tv_nsec=40000},  <unfinished ...>
[pid 61763] rt_sigaction(SIGRT_16, {sa_handler=SIG_DFL, sa_mask=~[], sa_flags=SA_RESTORER|SA_ONSTACK|SA_RESTART|SA_SIGINFO, sa_restorer=0x453ee0}, NULL, 8) = 0
[pid 61759] <... nanosleep resumed> NULL) = 0
[pid 61763] rt_sigaction(SIGRT_17, {sa_handler=SIG_DFL, sa_mask=~[], sa_flags=SA_RESTORER|SA_ONSTACK|SA_RESTART|SA_SIGINFO, sa_restorer=0x453ee0},  <unfinished ...>
[pid 61759] nanosleep({tv_sec=0, tv_nsec=80000},  <unfinished ...>
[pid 61763] <... rt_sigaction resumed> NULL, 8) = 0
[pid 61763] rt_sigaction(SIGRT_18, {sa_handler=SIG_DFL, sa_mask=~[], sa_flags=SA_RESTORER|SA_ONSTACK|SA_RESTART|SA_SIGINFO, sa_restorer=0x453ee0},  <unfinished ...>
[pid 61759] <... nanosleep resumed> NULL) = 0
[pid 61763] <... rt_sigaction resumed> NULL, 8) = 0
[pid 61759] nanosleep({tv_sec=0, tv_nsec=160000},  <unfinished ...>
[pid 61763] rt_sigaction(SIGRT_19, {sa_handler=SIG_DFL, sa_mask=~[], sa_flags=SA_RESTORER|SA_ONSTACK|SA_RESTART|SA_SIGINFO, sa_restorer=0x453ee0}, NULL, 8) = 0
[pid 61763] rt_sigaction(SIGRT_20, {sa_handler=SIG_DFL, sa_mask=~[], sa_flags=SA_RESTORER|SA_ONSTACK|SA_RESTART|SA_SIGINFO, sa_restorer=0x453ee0}, NULL, 8) = 0
[pid 61759] <... nanosleep resumed> NULL) = 0
[pid 61763] rt_sigaction(SIGRT_21, {sa_handler=SIG_DFL, sa_mask=~[], sa_flags=SA_RESTORER|SA_ONSTACK|SA_RESTART|SA_SIGINFO, sa_restorer=0x453ee0},  <unfinished ...>
[pid 61759] nanosleep({tv_sec=0, tv_nsec=320000},  <unfinished ...>
[pid 61763] <... rt_sigaction resumed> NULL, 8) = 0
[pid 61763] rt_sigaction(SIGRT_22, {sa_handler=SIG_DFL, sa_mask=~[], sa_flags=SA_RESTORER|SA_ONSTACK|SA_RESTART|SA_SIGINFO, sa_restorer=0x453ee0}, NULL, 8) = 0
[pid 61763] rt_sigaction(SIGRT_23, {sa_handler=SIG_DFL, sa_mask=~[], sa_flags=SA_RESTORER|SA_ONSTACK|SA_RESTART|SA_SIGINFO, sa_restorer=0x453ee0}, NULL, 8) = 0
[pid 61763] rt_sigaction(SIGRT_24, {sa_handler=SIG_DFL, sa_mask=~[], sa_flags=SA_RESTORER|SA_ONSTACK|SA_RESTART|SA_SIGINFO, sa_restorer=0x453ee0},  <unfinished ...>
[pid 61759] <... nanosleep resumed> NULL) = 0
[pid 61763] <... rt_sigaction resumed> NULL, 8) = 0
[pid 61759] nanosleep({tv_sec=0, tv_nsec=640000},  <unfinished ...>
[pid 61763] rt_sigaction(SIGRT_25, {sa_handler=SIG_DFL, sa_mask=~[], sa_flags=SA_RESTORER|SA_ONSTACK|SA_RESTART|SA_SIGINFO, sa_restorer=0x453ee0}, NULL, 8) = 0
[pid 61763] rt_sigaction(SIGRT_26, {sa_handler=SIG_DFL, sa_mask=~[], sa_flags=SA_RESTORER|SA_ONSTACK|SA_RESTART|SA_SIGINFO, sa_restorer=0x453ee0}, NULL, 8) = 0
[pid 61763] rt_sigaction(SIGRT_27, {sa_handler=SIG_DFL, sa_mask=~[], sa_flags=SA_RESTORER|SA_ONSTACK|SA_RESTART|SA_SIGINFO, sa_restorer=0x453ee0}, NULL, 8) = 0
[pid 61763] rt_sigaction(SIGRT_28, {sa_handler=SIG_DFL, sa_mask=~[], sa_flags=SA_RESTORER|SA_ONSTACK|SA_RESTART|SA_SIGINFO, sa_restorer=0x453ee0}, NULL, 8) = 0
[pid 61763] rt_sigaction(SIGRT_29, {sa_handler=SIG_DFL, sa_mask=~[], sa_flags=SA_RESTORER|SA_ONSTACK|SA_RESTART|SA_SIGINFO, sa_restorer=0x453ee0},  <unfinished ...>
[pid 61759] <... nanosleep resumed> NULL) = 0
[pid 61763] <... rt_sigaction resumed> NULL, 8) = 0
[pid 61759] nanosleep({tv_sec=0, tv_nsec=1280000},  <unfinished ...>
[pid 61763] rt_sigaction(SIGRT_30, {sa_handler=SIG_DFL, sa_mask=~[], sa_flags=SA_RESTORER|SA_ONSTACK|SA_RESTART|SA_SIGINFO, sa_restorer=0x453ee0}, NULL, 8) = 0
[pid 61763] rt_sigaction(SIGRT_31, {sa_handler=SIG_DFL, sa_mask=~[], sa_flags=SA_RESTORER|SA_ONSTACK|SA_RESTART|SA_SIGINFO, sa_restorer=0x453ee0}, NULL, 8) = 0
[pid 61763] rt_sigaction(SIGRT_32, {sa_handler=SIG_DFL, sa_mask=~[], sa_flags=SA_RESTORER|SA_ONSTACK|SA_RESTART|SA_SIGINFO, sa_restorer=0x453ee0}, NULL, 8) = 0
[pid 61763] rt_sigprocmask(SIG_SETMASK, [], NULL, 8) = 0
[pid 61763] setsid()                    = 61763
[pid 61763] ioctl(0, TIOCSCTTY, 1)      = -1 EPERM (Operation not permitted)
[pid 61763] write(7, "\1\0\0\0\0\0\0\0", 8) = 8
[pid 61763] exit(253 <unfinished ...>
[pid 61759] <... nanosleep resumed> NULL) = 0
[pid 61763] <... exit resumed>)         = ?
[pid 61759] nanosleep({tv_sec=0, tv_nsec=2560000},  <unfinished ...>
[pid 61758] <... clone resumed> child_stack=NULL, flags=CLONE_VM|CLONE_VFORK|SIGCHLD) = 61763
[pid 61763] +++ exited with 253 +++
[pid 61758] rt_sigprocmask(SIG_SETMASK, [],  <unfinished ...>
[pid 61759] <... nanosleep resumed> NULL) = ? ERESTART_RESTARTBLOCK (Interrupted by signal)
[pid 61758] <... rt_sigprocmask resumed> NULL, 8) = 0
[pid 61759] --- SIGCHLD {si_signo=SIGCHLD, si_code=CLD_EXITED, si_pid=61763, si_uid=1000, si_status=253, si_utime=0, si_stime=0} ---
[pid 61758] close(7)                    = 0
[pid 61759] rt_sigreturn({mask=[]} <unfinished ...>
[pid 61758] read(6,  <unfinished ...>
[pid 61759] <... rt_sigreturn resumed> ) = -1 EINTR (Interrupted system call)
[pid 61758] <... read resumed> "\1\0\0\0\0\0\0\0", 8) = 8
[pid 61759] nanosleep({tv_sec=0, tv_nsec=5120000},  <unfinished ...>
[pid 61758] close(6)                    = 0
[pid 61758] wait4(61763, [{WIFEXITED(s) && WEXITSTATUS(s) == 253}], 0, NULL) = 61763
[pid 61758] epoll_ctl(4, EPOLL_CTL_DEL, 3, 0xc000092e0c) = 0
[pid 61758] close(3)                    = 0
[pid 61758] epoll_ctl(4, EPOLL_CTL_DEL, 5, 0xc000092de4) = 0
[pid 61758] close(5)                    = 0
[pid 61758] nanosleep({tv_sec=0, tv_nsec=1000000}, NULL) = 0
[pid 61758] nanosleep({tv_sec=0, tv_nsec=1000000}, NULL) = 0
[pid 61758] write(2, "panic: ", 7panic: )      = 7
[pid 61758] write(2, "fork/exec /home/myitcv/usr/vim/b"..., 63fork/exec /home/myitcv/usr/vim/bin/vim: operation not permitted) = 63
[pid 61758] write(2, "\n", 1
)           = 1
[pid 61758] write(2, "\n", 1
)           = 1
[pid 61758] write(2, "goroutine ", 10goroutine )  = 10
[pid 61758] write(2, "1", 11)            = 1
[pid 61758] write(2, " [", 2 [)           = 2
[pid 61758] write(2, "running", 7running)      = 7
[pid 61758] write(2, "]:\n", 3]:
)         = 3
[pid 61758] write(2, "main.main", 9main.main)    = 9
[pid 61759] <... nanosleep resumed> NULL) = 0
[pid 61758] write(2, "(", 1()            = 1
[pid 61759] futex(0x537990, FUTEX_WAIT_PRIVATE, 0, {tv_sec=60, tv_nsec=0} <unfinished ...>
[pid 61758] write(2, ")\n", 2)
)          = 2
[pid 61758] write(2, "\t", 1	)           = 1
[pid 61758] write(2, "/home/myitcv/dev/ptyrepro/main.g"..., 33/home/myitcv/dev/ptyrepro/main.go) = 33
[pid 61758] write(2, ":", 1:)            = 1
[pid 61758] write(2, "15", 215)           = 2
[pid 61758] write(2, " +", 2 +)           = 2
[pid 61758] write(2, "0xdb", 40xdb)         = 4
[pid 61758] write(2, "\n", 1
)           = 1
[pid 61758] exit_group(2)               = ?
[pid 61762] <... futex resumed>)        = ?
[pid 61761] <... futex resumed>)        = ?
[pid 61760] <... futex resumed>)        = ?
[pid 61759] <... futex resumed>)        = ?
[pid 61762] +++ exited with 2 +++
[pid 61761] +++ exited with 2 +++
[pid 61760] +++ exited with 2 +++
[pid 61759] +++ exited with 2 +++
+++ exited with 2 +++
