execve("./ptyrepro", ["./ptyrepro"], 0x7ffcbb690478 /* 87 vars */) = 0
arch_prctl(ARCH_SET_FS, 0x537fd0)       = 0
sched_getaffinity(0, 8192, [0, 1, 2, 3, 4, 5, 6, 7]) = 16
openat(AT_FDCWD, "/sys/kernel/mm/transparent_hugepage/hpage_pmd_size", O_RDONLY) = 3
read(3, "2097152\n", 20)                = 8
close(3)                                = 0
mmap(NULL, 262144, PROT_READ|PROT_WRITE, MAP_PRIVATE|MAP_ANONYMOUS, -1, 0) = 0x7f21c6146000
mmap(0xc000000000, 67108864, PROT_NONE, MAP_PRIVATE|MAP_ANONYMOUS, -1, 0) = 0xc000000000
mmap(0xc000000000, 67108864, PROT_READ|PROT_WRITE, MAP_PRIVATE|MAP_FIXED|MAP_ANONYMOUS, -1, 0) = 0xc000000000
mmap(NULL, 33554432, PROT_READ|PROT_WRITE, MAP_PRIVATE|MAP_ANONYMOUS, -1, 0) = 0x7f21c4146000
mmap(NULL, 2164736, PROT_READ|PROT_WRITE, MAP_PRIVATE|MAP_ANONYMOUS, -1, 0) = 0x7f21c3f35000
mmap(NULL, 65536, PROT_READ|PROT_WRITE, MAP_PRIVATE|MAP_ANONYMOUS, -1, 0) = 0x7f21c3f25000
mmap(NULL, 65536, PROT_READ|PROT_WRITE, MAP_PRIVATE|MAP_ANONYMOUS, -1, 0) = 0x7f21c3f15000
rt_sigprocmask(SIG_SETMASK, NULL, [], 8) = 0
sigaltstack(NULL, {ss_sp=NULL, ss_flags=SS_DISABLE, ss_size=0}) = 0
sigaltstack({ss_sp=0xc000002000, ss_flags=0, ss_size=32768}, NULL) = 0
rt_sigprocmask(SIG_SETMASK, [], NULL, 8) = 0
gettid()                                = 69524
rt_sigaction(SIGHUP, NULL, {sa_handler=SIG_DFL, sa_mask=[], sa_flags=0}, 8) = 0
rt_sigaction(SIGHUP, {sa_handler=0x453db0, sa_mask=~[], sa_flags=SA_RESTORER|SA_ONSTACK|SA_RESTART|SA_SIGINFO, sa_restorer=0x453ee0}, NULL, 8) = 0
rt_sigaction(SIGINT, NULL, {sa_handler=SIG_DFL, sa_mask=[], sa_flags=0}, 8) = 0
rt_sigaction(SIGINT, {sa_handler=0x453db0, sa_mask=~[], sa_flags=SA_RESTORER|SA_ONSTACK|SA_RESTART|SA_SIGINFO, sa_restorer=0x453ee0}, NULL, 8) = 0
rt_sigaction(SIGQUIT, NULL, {sa_handler=SIG_DFL, sa_mask=[], sa_flags=0}, 8) = 0
rt_sigaction(SIGQUIT, {sa_handler=0x453db0, sa_mask=~[], sa_flags=SA_RESTORER|SA_ONSTACK|SA_RESTART|SA_SIGINFO, sa_restorer=0x453ee0}, NULL, 8) = 0
rt_sigaction(SIGILL, NULL, {sa_handler=SIG_DFL, sa_mask=[], sa_flags=0}, 8) = 0
rt_sigaction(SIGILL, {sa_handler=0x453db0, sa_mask=~[], sa_flags=SA_RESTORER|SA_ONSTACK|SA_RESTART|SA_SIGINFO, sa_restorer=0x453ee0}, NULL, 8) = 0
rt_sigaction(SIGTRAP, NULL, {sa_handler=SIG_DFL, sa_mask=[], sa_flags=0}, 8) = 0
rt_sigaction(SIGTRAP, {sa_handler=0x453db0, sa_mask=~[], sa_flags=SA_RESTORER|SA_ONSTACK|SA_RESTART|SA_SIGINFO, sa_restorer=0x453ee0}, NULL, 8) = 0
rt_sigaction(SIGABRT, NULL, {sa_handler=SIG_DFL, sa_mask=[], sa_flags=0}, 8) = 0
rt_sigaction(SIGABRT, {sa_handler=0x453db0, sa_mask=~[], sa_flags=SA_RESTORER|SA_ONSTACK|SA_RESTART|SA_SIGINFO, sa_restorer=0x453ee0}, NULL, 8) = 0
rt_sigaction(SIGBUS, NULL, {sa_handler=SIG_DFL, sa_mask=[], sa_flags=0}, 8) = 0
rt_sigaction(SIGBUS, {sa_handler=0x453db0, sa_mask=~[], sa_flags=SA_RESTORER|SA_ONSTACK|SA_RESTART|SA_SIGINFO, sa_restorer=0x453ee0}, NULL, 8) = 0
rt_sigaction(SIGFPE, NULL, {sa_handler=SIG_DFL, sa_mask=[], sa_flags=0}, 8) = 0
rt_sigaction(SIGFPE, {sa_handler=0x453db0, sa_mask=~[], sa_flags=SA_RESTORER|SA_ONSTACK|SA_RESTART|SA_SIGINFO, sa_restorer=0x453ee0}, NULL, 8) = 0
rt_sigaction(SIGUSR1, NULL, {sa_handler=SIG_DFL, sa_mask=[], sa_flags=0}, 8) = 0
rt_sigaction(SIGUSR1, {sa_handler=0x453db0, sa_mask=~[], sa_flags=SA_RESTORER|SA_ONSTACK|SA_RESTART|SA_SIGINFO, sa_restorer=0x453ee0}, NULL, 8) = 0
rt_sigaction(SIGSEGV, NULL, {sa_handler=SIG_DFL, sa_mask=[], sa_flags=0}, 8) = 0
rt_sigaction(SIGSEGV, {sa_handler=0x453db0, sa_mask=~[], sa_flags=SA_RESTORER|SA_ONSTACK|SA_RESTART|SA_SIGINFO, sa_restorer=0x453ee0}, NULL, 8) = 0
rt_sigaction(SIGUSR2, NULL, {sa_handler=SIG_DFL, sa_mask=[], sa_flags=0}, 8) = 0
rt_sigaction(SIGUSR2, {sa_handler=0x453db0, sa_mask=~[], sa_flags=SA_RESTORER|SA_ONSTACK|SA_RESTART|SA_SIGINFO, sa_restorer=0x453ee0}, NULL, 8) = 0
rt_sigaction(SIGPIPE, NULL, {sa_handler=SIG_DFL, sa_mask=[], sa_flags=0}, 8) = 0
rt_sigaction(SIGPIPE, {sa_handler=0x453db0, sa_mask=~[], sa_flags=SA_RESTORER|SA_ONSTACK|SA_RESTART|SA_SIGINFO, sa_restorer=0x453ee0}, NULL, 8) = 0
rt_sigaction(SIGALRM, NULL, {sa_handler=SIG_DFL, sa_mask=[], sa_flags=0}, 8) = 0
rt_sigaction(SIGALRM, {sa_handler=0x453db0, sa_mask=~[], sa_flags=SA_RESTORER|SA_ONSTACK|SA_RESTART|SA_SIGINFO, sa_restorer=0x453ee0}, NULL, 8) = 0
rt_sigaction(SIGTERM, NULL, {sa_handler=SIG_DFL, sa_mask=[], sa_flags=0}, 8) = 0
rt_sigaction(SIGTERM, {sa_handler=0x453db0, sa_mask=~[], sa_flags=SA_RESTORER|SA_ONSTACK|SA_RESTART|SA_SIGINFO, sa_restorer=0x453ee0}, NULL, 8) = 0
rt_sigaction(SIGSTKFLT, NULL, {sa_handler=SIG_DFL, sa_mask=[], sa_flags=0}, 8) = 0
rt_sigaction(SIGSTKFLT, {sa_handler=0x453db0, sa_mask=~[], sa_flags=SA_RESTORER|SA_ONSTACK|SA_RESTART|SA_SIGINFO, sa_restorer=0x453ee0}, NULL, 8) = 0
rt_sigaction(SIGCHLD, NULL, {sa_handler=SIG_DFL, sa_mask=[], sa_flags=0}, 8) = 0
rt_sigaction(SIGCHLD, {sa_handler=0x453db0, sa_mask=~[], sa_flags=SA_RESTORER|SA_ONSTACK|SA_RESTART|SA_SIGINFO, sa_restorer=0x453ee0}, NULL, 8) = 0
rt_sigaction(SIGURG, NULL, {sa_handler=SIG_DFL, sa_mask=[], sa_flags=0}, 8) = 0
rt_sigaction(SIGURG, {sa_handler=0x453db0, sa_mask=~[], sa_flags=SA_RESTORER|SA_ONSTACK|SA_RESTART|SA_SIGINFO, sa_restorer=0x453ee0}, NULL, 8) = 0
rt_sigaction(SIGXCPU, NULL, {sa_handler=SIG_DFL, sa_mask=[], sa_flags=0}, 8) = 0
rt_sigaction(SIGXCPU, {sa_handler=0x453db0, sa_mask=~[], sa_flags=SA_RESTORER|SA_ONSTACK|SA_RESTART|SA_SIGINFO, sa_restorer=0x453ee0}, NULL, 8) = 0
rt_sigaction(SIGXFSZ, NULL, {sa_handler=SIG_DFL, sa_mask=[], sa_flags=0}, 8) = 0
rt_sigaction(SIGXFSZ, {sa_handler=0x453db0, sa_mask=~[], sa_flags=SA_RESTORER|SA_ONSTACK|SA_RESTART|SA_SIGINFO, sa_restorer=0x453ee0}, NULL, 8) = 0
rt_sigaction(SIGVTALRM, NULL, {sa_handler=SIG_DFL, sa_mask=[], sa_flags=0}, 8) = 0
rt_sigaction(SIGVTALRM, {sa_handler=0x453db0, sa_mask=~[], sa_flags=SA_RESTORER|SA_ONSTACK|SA_RESTART|SA_SIGINFO, sa_restorer=0x453ee0}, NULL, 8) = 0
rt_sigaction(SIGPROF, NULL, {sa_handler=SIG_DFL, sa_mask=[], sa_flags=0}, 8) = 0
rt_sigaction(SIGPROF, {sa_handler=0x453db0, sa_mask=~[], sa_flags=SA_RESTORER|SA_ONSTACK|SA_RESTART|SA_SIGINFO, sa_restorer=0x453ee0}, NULL, 8) = 0
rt_sigaction(SIGWINCH, NULL, {sa_handler=SIG_DFL, sa_mask=[], sa_flags=0}, 8) = 0
rt_sigaction(SIGWINCH, {sa_handler=0x453db0, sa_mask=~[], sa_flags=SA_RESTORER|SA_ONSTACK|SA_RESTART|SA_SIGINFO, sa_restorer=0x453ee0}, NULL, 8) = 0
rt_sigaction(SIGIO, NULL, {sa_handler=SIG_DFL, sa_mask=[], sa_flags=0}, 8) = 0
rt_sigaction(SIGIO, {sa_handler=0x453db0, sa_mask=~[], sa_flags=SA_RESTORER|SA_ONSTACK|SA_RESTART|SA_SIGINFO, sa_restorer=0x453ee0}, NULL, 8) = 0
rt_sigaction(SIGPWR, NULL, {sa_handler=SIG_DFL, sa_mask=[], sa_flags=0}, 8) = 0
rt_sigaction(SIGPWR, {sa_handler=0x453db0, sa_mask=~[], sa_flags=SA_RESTORER|SA_ONSTACK|SA_RESTART|SA_SIGINFO, sa_restorer=0x453ee0}, NULL, 8) = 0
rt_sigaction(SIGSYS, NULL, {sa_handler=SIG_DFL, sa_mask=[], sa_flags=0}, 8) = 0
rt_sigaction(SIGSYS, {sa_handler=0x453db0, sa_mask=~[], sa_flags=SA_RESTORER|SA_ONSTACK|SA_RESTART|SA_SIGINFO, sa_restorer=0x453ee0}, NULL, 8) = 0
rt_sigaction(SIGRTMIN, NULL, {sa_handler=SIG_DFL, sa_mask=[], sa_flags=0}, 8) = 0
rt_sigaction(SIGRT_1, NULL, {sa_handler=SIG_DFL, sa_mask=[], sa_flags=0}, 8) = 0
rt_sigaction(SIGRT_2, NULL, {sa_handler=SIG_DFL, sa_mask=[], sa_flags=0}, 8) = 0
rt_sigaction(SIGRT_2, {sa_handler=0x453db0, sa_mask=~[], sa_flags=SA_RESTORER|SA_ONSTACK|SA_RESTART|SA_SIGINFO, sa_restorer=0x453ee0}, NULL, 8) = 0
rt_sigaction(SIGRT_3, NULL, {sa_handler=SIG_DFL, sa_mask=[], sa_flags=0}, 8) = 0
rt_sigaction(SIGRT_3, {sa_handler=0x453db0, sa_mask=~[], sa_flags=SA_RESTORER|SA_ONSTACK|SA_RESTART|SA_SIGINFO, sa_restorer=0x453ee0}, NULL, 8) = 0
rt_sigaction(SIGRT_4, NULL, {sa_handler=SIG_DFL, sa_mask=[], sa_flags=0}, 8) = 0
rt_sigaction(SIGRT_4, {sa_handler=0x453db0, sa_mask=~[], sa_flags=SA_RESTORER|SA_ONSTACK|SA_RESTART|SA_SIGINFO, sa_restorer=0x453ee0}, NULL, 8) = 0
rt_sigaction(SIGRT_5, NULL, {sa_handler=SIG_DFL, sa_mask=[], sa_flags=0}, 8) = 0
rt_sigaction(SIGRT_5, {sa_handler=0x453db0, sa_mask=~[], sa_flags=SA_RESTORER|SA_ONSTACK|SA_RESTART|SA_SIGINFO, sa_restorer=0x453ee0}, NULL, 8) = 0
rt_sigaction(SIGRT_6, NULL, {sa_handler=SIG_DFL, sa_mask=[], sa_flags=0}, 8) = 0
rt_sigaction(SIGRT_6, {sa_handler=0x453db0, sa_mask=~[], sa_flags=SA_RESTORER|SA_ONSTACK|SA_RESTART|SA_SIGINFO, sa_restorer=0x453ee0}, NULL, 8) = 0
rt_sigaction(SIGRT_7, NULL, {sa_handler=SIG_DFL, sa_mask=[], sa_flags=0}, 8) = 0
rt_sigaction(SIGRT_7, {sa_handler=0x453db0, sa_mask=~[], sa_flags=SA_RESTORER|SA_ONSTACK|SA_RESTART|SA_SIGINFO, sa_restorer=0x453ee0}, NULL, 8) = 0
rt_sigaction(SIGRT_8, NULL, {sa_handler=SIG_DFL, sa_mask=[], sa_flags=0}, 8) = 0
rt_sigaction(SIGRT_8, {sa_handler=0x453db0, sa_mask=~[], sa_flags=SA_RESTORER|SA_ONSTACK|SA_RESTART|SA_SIGINFO, sa_restorer=0x453ee0}, NULL, 8) = 0
rt_sigaction(SIGRT_9, NULL, {sa_handler=SIG_DFL, sa_mask=[], sa_flags=0}, 8) = 0
rt_sigaction(SIGRT_9, {sa_handler=0x453db0, sa_mask=~[], sa_flags=SA_RESTORER|SA_ONSTACK|SA_RESTART|SA_SIGINFO, sa_restorer=0x453ee0}, NULL, 8) = 0
rt_sigaction(SIGRT_10, NULL, {sa_handler=SIG_DFL, sa_mask=[], sa_flags=0}, 8) = 0
rt_sigaction(SIGRT_10, {sa_handler=0x453db0, sa_mask=~[], sa_flags=SA_RESTORER|SA_ONSTACK|SA_RESTART|SA_SIGINFO, sa_restorer=0x453ee0}, NULL, 8) = 0
rt_sigaction(SIGRT_11, NULL, {sa_handler=SIG_DFL, sa_mask=[], sa_flags=0}, 8) = 0
rt_sigaction(SIGRT_11, {sa_handler=0x453db0, sa_mask=~[], sa_flags=SA_RESTORER|SA_ONSTACK|SA_RESTART|SA_SIGINFO, sa_restorer=0x453ee0}, NULL, 8) = 0
rt_sigaction(SIGRT_12, NULL, {sa_handler=SIG_DFL, sa_mask=[], sa_flags=0}, 8) = 0
rt_sigaction(SIGRT_12, {sa_handler=0x453db0, sa_mask=~[], sa_flags=SA_RESTORER|SA_ONSTACK|SA_RESTART|SA_SIGINFO, sa_restorer=0x453ee0}, NULL, 8) = 0
rt_sigaction(SIGRT_13, NULL, {sa_handler=SIG_DFL, sa_mask=[], sa_flags=0}, 8) = 0
rt_sigaction(SIGRT_13, {sa_handler=0x453db0, sa_mask=~[], sa_flags=SA_RESTORER|SA_ONSTACK|SA_RESTART|SA_SIGINFO, sa_restorer=0x453ee0}, NULL, 8) = 0
rt_sigaction(SIGRT_14, NULL, {sa_handler=SIG_DFL, sa_mask=[], sa_flags=0}, 8) = 0
rt_sigaction(SIGRT_14, {sa_handler=0x453db0, sa_mask=~[], sa_flags=SA_RESTORER|SA_ONSTACK|SA_RESTART|SA_SIGINFO, sa_restorer=0x453ee0}, NULL, 8) = 0
rt_sigaction(SIGRT_15, NULL, {sa_handler=SIG_DFL, sa_mask=[], sa_flags=0}, 8) = 0
rt_sigaction(SIGRT_15, {sa_handler=0x453db0, sa_mask=~[], sa_flags=SA_RESTORER|SA_ONSTACK|SA_RESTART|SA_SIGINFO, sa_restorer=0x453ee0}, NULL, 8) = 0
rt_sigaction(SIGRT_16, NULL, {sa_handler=SIG_DFL, sa_mask=[], sa_flags=0}, 8) = 0
rt_sigaction(SIGRT_16, {sa_handler=0x453db0, sa_mask=~[], sa_flags=SA_RESTORER|SA_ONSTACK|SA_RESTART|SA_SIGINFO, sa_restorer=0x453ee0}, NULL, 8) = 0
rt_sigaction(SIGRT_17, NULL, {sa_handler=SIG_DFL, sa_mask=[], sa_flags=0}, 8) = 0
rt_sigaction(SIGRT_17, {sa_handler=0x453db0, sa_mask=~[], sa_flags=SA_RESTORER|SA_ONSTACK|SA_RESTART|SA_SIGINFO, sa_restorer=0x453ee0}, NULL, 8) = 0
rt_sigaction(SIGRT_18, NULL, {sa_handler=SIG_DFL, sa_mask=[], sa_flags=0}, 8) = 0
rt_sigaction(SIGRT_18, {sa_handler=0x453db0, sa_mask=~[], sa_flags=SA_RESTORER|SA_ONSTACK|SA_RESTART|SA_SIGINFO, sa_restorer=0x453ee0}, NULL, 8) = 0
rt_sigaction(SIGRT_19, NULL, {sa_handler=SIG_DFL, sa_mask=[], sa_flags=0}, 8) = 0
rt_sigaction(SIGRT_19, {sa_handler=0x453db0, sa_mask=~[], sa_flags=SA_RESTORER|SA_ONSTACK|SA_RESTART|SA_SIGINFO, sa_restorer=0x453ee0}, NULL, 8) = 0
rt_sigaction(SIGRT_20, NULL, {sa_handler=SIG_DFL, sa_mask=[], sa_flags=0}, 8) = 0
rt_sigaction(SIGRT_20, {sa_handler=0x453db0, sa_mask=~[], sa_flags=SA_RESTORER|SA_ONSTACK|SA_RESTART|SA_SIGINFO, sa_restorer=0x453ee0}, NULL, 8) = 0
rt_sigaction(SIGRT_21, NULL, {sa_handler=SIG_DFL, sa_mask=[], sa_flags=0}, 8) = 0
rt_sigaction(SIGRT_21, {sa_handler=0x453db0, sa_mask=~[], sa_flags=SA_RESTORER|SA_ONSTACK|SA_RESTART|SA_SIGINFO, sa_restorer=0x453ee0}, NULL, 8) = 0
rt_sigaction(SIGRT_22, NULL, {sa_handler=SIG_DFL, sa_mask=[], sa_flags=0}, 8) = 0
rt_sigaction(SIGRT_22, {sa_handler=0x453db0, sa_mask=~[], sa_flags=SA_RESTORER|SA_ONSTACK|SA_RESTART|SA_SIGINFO, sa_restorer=0x453ee0}, NULL, 8) = 0
rt_sigaction(SIGRT_23, NULL, {sa_handler=SIG_DFL, sa_mask=[], sa_flags=0}, 8) = 0
rt_sigaction(SIGRT_23, {sa_handler=0x453db0, sa_mask=~[], sa_flags=SA_RESTORER|SA_ONSTACK|SA_RESTART|SA_SIGINFO, sa_restorer=0x453ee0}, NULL, 8) = 0
rt_sigaction(SIGRT_24, NULL, {sa_handler=SIG_DFL, sa_mask=[], sa_flags=0}, 8) = 0
rt_sigaction(SIGRT_24, {sa_handler=0x453db0, sa_mask=~[], sa_flags=SA_RESTORER|SA_ONSTACK|SA_RESTART|SA_SIGINFO, sa_restorer=0x453ee0}, NULL, 8) = 0
rt_sigaction(SIGRT_25, NULL, {sa_handler=SIG_DFL, sa_mask=[], sa_flags=0}, 8) = 0
rt_sigaction(SIGRT_25, {sa_handler=0x453db0, sa_mask=~[], sa_flags=SA_RESTORER|SA_ONSTACK|SA_RESTART|SA_SIGINFO, sa_restorer=0x453ee0}, NULL, 8) = 0
rt_sigaction(SIGRT_26, NULL, {sa_handler=SIG_DFL, sa_mask=[], sa_flags=0}, 8) = 0
rt_sigaction(SIGRT_26, {sa_handler=0x453db0, sa_mask=~[], sa_flags=SA_RESTORER|SA_ONSTACK|SA_RESTART|SA_SIGINFO, sa_restorer=0x453ee0}, NULL, 8) = 0
rt_sigaction(SIGRT_27, NULL, {sa_handler=SIG_DFL, sa_mask=[], sa_flags=0}, 8) = 0
rt_sigaction(SIGRT_27, {sa_handler=0x453db0, sa_mask=~[], sa_flags=SA_RESTORER|SA_ONSTACK|SA_RESTART|SA_SIGINFO, sa_restorer=0x453ee0}, NULL, 8) = 0
rt_sigaction(SIGRT_28, NULL, {sa_handler=SIG_DFL, sa_mask=[], sa_flags=0}, 8) = 0
rt_sigaction(SIGRT_28, {sa_handler=0x453db0, sa_mask=~[], sa_flags=SA_RESTORER|SA_ONSTACK|SA_RESTART|SA_SIGINFO, sa_restorer=0x453ee0}, NULL, 8) = 0
rt_sigaction(SIGRT_29, NULL, {sa_handler=SIG_DFL, sa_mask=[], sa_flags=0}, 8) = 0
rt_sigaction(SIGRT_29, {sa_handler=0x453db0, sa_mask=~[], sa_flags=SA_RESTORER|SA_ONSTACK|SA_RESTART|SA_SIGINFO, sa_restorer=0x453ee0}, NULL, 8) = 0
rt_sigaction(SIGRT_30, NULL, {sa_handler=SIG_DFL, sa_mask=[], sa_flags=0}, 8) = 0
rt_sigaction(SIGRT_30, {sa_handler=0x453db0, sa_mask=~[], sa_flags=SA_RESTORER|SA_ONSTACK|SA_RESTART|SA_SIGINFO, sa_restorer=0x453ee0}, NULL, 8) = 0
rt_sigaction(SIGRT_31, NULL, {sa_handler=SIG_DFL, sa_mask=[], sa_flags=0}, 8) = 0
rt_sigaction(SIGRT_31, {sa_handler=0x453db0, sa_mask=~[], sa_flags=SA_RESTORER|SA_ONSTACK|SA_RESTART|SA_SIGINFO, sa_restorer=0x453ee0}, NULL, 8) = 0
rt_sigaction(SIGRT_32, NULL, {sa_handler=SIG_DFL, sa_mask=[], sa_flags=0}, 8) = 0
rt_sigaction(SIGRT_32, {sa_handler=0x453db0, sa_mask=~[], sa_flags=SA_RESTORER|SA_ONSTACK|SA_RESTART|SA_SIGINFO, sa_restorer=0x453ee0}, NULL, 8) = 0
rt_sigprocmask(SIG_SETMASK, ~[], [], 8) = 0
clone(strace: Process 69525 attached
child_stack=0xc00005e000, flags=CLONE_VM|CLONE_FS|CLONE_FILES|CLONE_SIGHAND|CLONE_THREAD|CLONE_SYSVSEM) = 69525
[pid 69525] gettid( <unfinished ...>
[pid 69524] rt_sigprocmask(SIG_SETMASK, [], NULL, 8) = 0
[pid 69525] <... gettid resumed> )      = 69525
[pid 69524] rt_sigprocmask(SIG_SETMASK, ~[],  <unfinished ...>
[pid 69525] arch_prctl(ARCH_SET_FS, 0xc00004e090 <unfinished ...>
[pid 69524] <... rt_sigprocmask resumed> [], 8) = 0
[pid 69525] <... arch_prctl resumed> )  = 0
[pid 69524] clone( <unfinished ...>
[pid 69525] sigaltstack(NULL, strace: Process 69526 attached
 <unfinished ...>
[pid 69524] <... clone resumed> child_stack=0xc000060000, flags=CLONE_VM|CLONE_FS|CLONE_FILES|CLONE_SIGHAND|CLONE_THREAD|CLONE_SYSVSEM) = 69526
[pid 69525] <... sigaltstack resumed> {ss_sp=NULL, ss_flags=SS_DISABLE, ss_size=0}) = 0
[pid 69524] rt_sigprocmask(SIG_SETMASK, [],  <unfinished ...>
[pid 69526] gettid( <unfinished ...>
[pid 69524] <... rt_sigprocmask resumed> NULL, 8) = 0
[pid 69525] sigaltstack({ss_sp=0xc000050000, ss_flags=0, ss_size=32768},  <unfinished ...>
[pid 69524] rt_sigprocmask(SIG_SETMASK, ~[],  <unfinished ...>
[pid 69526] <... gettid resumed> )      = 69526
[pid 69524] <... rt_sigprocmask resumed> [], 8) = 0
[pid 69525] <... sigaltstack resumed> NULL) = 0
[pid 69526] arch_prctl(ARCH_SET_FS, 0xc00004e410 <unfinished ...>
[pid 69524] clone( <unfinished ...>
[pid 69526] <... arch_prctl resumed> )  = 0
[pid 69525] rt_sigprocmask(SIG_SETMASK, [],  <unfinished ...>
[pid 69526] sigaltstack(NULL,  <unfinished ...>
[pid 69525] <... rt_sigprocmask resumed> NULL, 8) = 0
[pid 69524] <... clone resumed> child_stack=0xc00005a000, flags=CLONE_VM|CLONE_FS|CLONE_FILES|CLONE_SIGHAND|CLONE_THREAD|CLONE_SYSVSEM) = 69527
strace: Process 69527 attached
[pid 69526] <... sigaltstack resumed> {ss_sp=NULL, ss_flags=SS_DISABLE, ss_size=0}) = 0
[pid 69524] rt_sigprocmask(SIG_SETMASK, [],  <unfinished ...>
[pid 69527] gettid( <unfinished ...>
[pid 69526] sigaltstack({ss_sp=0xc000060000, ss_flags=0, ss_size=32768},  <unfinished ...>
[pid 69524] <... rt_sigprocmask resumed> NULL, 8) = 0
[pid 69527] <... gettid resumed> )      = 69527
[pid 69526] <... sigaltstack resumed> NULL) = 0
[pid 69525] gettid( <unfinished ...>
[pid 69524] futex(0x538088, FUTEX_WAIT_PRIVATE, 0, NULL <unfinished ...>
[pid 69527] arch_prctl(ARCH_SET_FS, 0xc00004e790 <unfinished ...>
[pid 69526] rt_sigprocmask(SIG_SETMASK, [],  <unfinished ...>
[pid 69525] <... gettid resumed> )      = 69525
[pid 69527] <... arch_prctl resumed> )  = 0
[pid 69526] <... rt_sigprocmask resumed> NULL, 8) = 0
[pid 69527] sigaltstack(NULL,  <unfinished ...>
[pid 69525] nanosleep({tv_sec=0, tv_nsec=20000},  <unfinished ...>
[pid 69527] <... sigaltstack resumed> {ss_sp=NULL, ss_flags=SS_DISABLE, ss_size=0}) = 0
[pid 69526] gettid( <unfinished ...>
[pid 69527] sigaltstack({ss_sp=0xc00006a000, ss_flags=0, ss_size=32768},  <unfinished ...>
[pid 69526] <... gettid resumed> )      = 69526
[pid 69527] <... sigaltstack resumed> NULL) = 0
[pid 69527] rt_sigprocmask(SIG_SETMASK, [],  <unfinished ...>
[pid 69526] rt_sigprocmask(SIG_SETMASK, ~[],  <unfinished ...>
[pid 69527] <... rt_sigprocmask resumed> NULL, 8) = 0
[pid 69526] <... rt_sigprocmask resumed> [], 8) = 0
[pid 69527] gettid( <unfinished ...>
[pid 69526] clone( <unfinished ...>
[pid 69527] <... gettid resumed> )      = 69527
[pid 69525] <... nanosleep resumed> NULL) = 0
[pid 69527] futex(0x538088, FUTEX_WAKE_PRIVATE, 1strace: Process 69528 attached
 <unfinished ...>
[pid 69525] nanosleep({tv_sec=0, tv_nsec=20000},  <unfinished ...>
[pid 69528] gettid( <unfinished ...>
[pid 69524] <... futex resumed> )       = 0
[pid 69528] <... gettid resumed> )      = 69528
[pid 69524] rt_sigprocmask(SIG_SETMASK, ~[],  <unfinished ...>
[pid 69527] <... futex resumed> )       = 1
[pid 69524] <... rt_sigprocmask resumed> [], 8) = 0
[pid 69528] arch_prctl(ARCH_SET_FS, 0xc000072090 <unfinished ...>
[pid 69524] clone( <unfinished ...>
[pid 69528] <... arch_prctl resumed> )  = 0
[pid 69527] futex(0xc00004e848, FUTEX_WAIT_PRIVATE, 0, NULL <unfinished ...>
[pid 69526] <... clone resumed> child_stack=0xc000084000, flags=CLONE_VM|CLONE_FS|CLONE_FILES|CLONE_SIGHAND|CLONE_THREAD|CLONE_SYSVSEM) = 69528
[pid 69528] sigaltstack(NULL,  <unfinished ...>
[pid 69525] <... nanosleep resumed> NULL) = 0
[pid 69524] <... clone resumed> child_stack=0xc00005c000, flags=CLONE_VM|CLONE_FS|CLONE_FILES|CLONE_SIGHAND|CLONE_THREAD|CLONE_SYSVSEM) = 69529
strace: Process 69529 attached
[pid 69528] <... sigaltstack resumed> {ss_sp=NULL, ss_flags=SS_DISABLE, ss_size=0}) = 0
[pid 69524] rt_sigprocmask(SIG_SETMASK, [],  <unfinished ...>
[pid 69526] rt_sigprocmask(SIG_SETMASK, [],  <unfinished ...>
[pid 69524] <... rt_sigprocmask resumed> NULL, 8) = 0
[pid 69529] gettid( <unfinished ...>
[pid 69528] sigaltstack({ss_sp=0xc000076000, ss_flags=0, ss_size=32768},  <unfinished ...>
[pid 69524] futex(0x538088, FUTEX_WAIT_PRIVATE, 0, NULL <unfinished ...>
[pid 69526] <... rt_sigprocmask resumed> NULL, 8) = 0
[pid 69529] <... gettid resumed> )      = 69529
[pid 69528] <... sigaltstack resumed> NULL) = 0
[pid 69525] nanosleep({tv_sec=0, tv_nsec=20000},  <unfinished ...>
[pid 69528] rt_sigprocmask(SIG_SETMASK, [],  <unfinished ...>
[pid 69526] futex(0x538088, FUTEX_WAKE_PRIVATE, 1 <unfinished ...>
[pid 69529] arch_prctl(ARCH_SET_FS, 0xc00004eb10 <unfinished ...>
[pid 69528] <... rt_sigprocmask resumed> NULL, 8) = 0
[pid 69524] <... futex resumed> )       = 0
[pid 69529] <... arch_prctl resumed> )  = 0
[pid 69528] gettid( <unfinished ...>
[pid 69526] <... futex resumed> )       = 1
[pid 69529] sigaltstack(NULL,  <unfinished ...>
[pid 69528] <... gettid resumed> )      = 69528
[pid 69526] futex(0xc00004e4c8, FUTEX_WAIT_PRIVATE, 0, NULL <unfinished ...>
[pid 69529] <... sigaltstack resumed> {ss_sp=NULL, ss_flags=SS_DISABLE, ss_size=0}) = 0
[pid 69528] futex(0xc000072148, FUTEX_WAIT_PRIVATE, 0, NULL <unfinished ...>
[pid 69525] <... nanosleep resumed> NULL) = 0
[pid 69529] sigaltstack({ss_sp=0xc000086000, ss_flags=0, ss_size=32768},  <unfinished ...>
[pid 69525] nanosleep({tv_sec=0, tv_nsec=20000},  <unfinished ...>
[pid 69524] readlinkat(AT_FDCWD, "/proc/self/exe",  <unfinished ...>
[pid 69529] <... sigaltstack resumed> NULL) = 0
[pid 69524] <... readlinkat resumed> "/home/myitcv/dev/ptyrepro/ptyrep"..., 128) = 34
[pid 69529] rt_sigprocmask(SIG_SETMASK, [],  <unfinished ...>
[pid 69524] fcntl(0, F_GETFL <unfinished ...>
[pid 69525] <... nanosleep resumed> NULL) = 0
[pid 69524] <... fcntl resumed> )       = 0x8402 (flags O_RDWR|O_APPEND|O_LARGEFILE)
[pid 69529] <... rt_sigprocmask resumed> NULL, 8) = 0
[pid 69525] nanosleep({tv_sec=0, tv_nsec=20000},  <unfinished ...>
[pid 69524] futex(0xc000072148, FUTEX_WAKE_PRIVATE, 1 <unfinished ...>
[pid 69529] gettid( <unfinished ...>
[pid 69524] <... futex resumed> )       = 1
[pid 69524] mmap(NULL, 262144, PROT_READ|PROT_WRITE, MAP_PRIVATE|MAP_ANONYMOUS, -1, 0 <unfinished ...>
[pid 69529] <... gettid resumed> )      = 69529
[pid 69528] <... futex resumed> )       = 0
[pid 69525] <... nanosleep resumed> NULL) = 0
[pid 69524] <... mmap resumed> )        = 0x7f21c3ed5000
[pid 69529] nanosleep({tv_sec=0, tv_nsec=3000},  <unfinished ...>
[pid 69528] nanosleep({tv_sec=0, tv_nsec=3000},  <unfinished ...>
[pid 69525] nanosleep({tv_sec=0, tv_nsec=20000},  <unfinished ...>
[pid 69524] fcntl(1, F_GETFL)           = 0x1 (flags O_WRONLY)
[pid 69529] <... nanosleep resumed> NULL) = 0
[pid 69524] fcntl(2, F_GETFL <unfinished ...>
[pid 69528] <... nanosleep resumed> NULL) = 0
[pid 69524] <... fcntl resumed> )       = 0x1 (flags O_WRONLY)
[pid 69529] futex(0xc00004ebc8, FUTEX_WAIT_PRIVATE, 0, NULL <unfinished ...>
[pid 69528] futex(0xc000072148, FUTEX_WAIT_PRIVATE, 0, NULL <unfinished ...>
[pid 69525] <... nanosleep resumed> NULL) = 0
[pid 69524] newfstatat(AT_FDCWD, "/home/myitcv/gos/misc/wasm/vim",  <unfinished ...>
[pid 69525] nanosleep({tv_sec=0, tv_nsec=20000},  <unfinished ...>
[pid 69524] <... newfstatat resumed> 0xc000094fa8, 0) = -1 ENOENT (No such file or directory)
[pid 69525] <... nanosleep resumed> NULL) = 0
[pid 69524] newfstatat(AT_FDCWD, "/home/myitcv/bin/myitcv_io_go/vim",  <unfinished ...>
[pid 69525] nanosleep({tv_sec=0, tv_nsec=20000},  <unfinished ...>
[pid 69524] <... newfstatat resumed> 0xc000095078, 0) = -1 ENOENT (No such file or directory)
[pid 69524] newfstatat(AT_FDCWD, "/home/myitcv/bin/vim",  <unfinished ...>
[pid 69525] <... nanosleep resumed> NULL) = 0
[pid 69524] <... newfstatat resumed> 0xc000095148, 0) = -1 ENOENT (No such file or directory)
[pid 69525] nanosleep({tv_sec=0, tv_nsec=20000},  <unfinished ...>
[pid 69524] newfstatat(AT_FDCWD, "/home/myitcv/gos/misc/wasm/vim", 0xc000095218, 0) = -1 ENOENT (No such file or directory)
[pid 69525] <... nanosleep resumed> NULL) = 0
[pid 69524] newfstatat(AT_FDCWD, "/home/myitcv/bin/myitcv_io_go/vim",  <unfinished ...>
[pid 69525] nanosleep({tv_sec=0, tv_nsec=20000},  <unfinished ...>
[pid 69524] <... newfstatat resumed> 0xc0000952e8, 0) = -1 ENOENT (No such file or directory)
[pid 69524] newfstatat(AT_FDCWD, "/home/myitcv/bin/vim", 0xc0000953b8, 0) = -1 ENOENT (No such file or directory)
[pid 69525] <... nanosleep resumed> NULL) = 0
[pid 69524] newfstatat(AT_FDCWD, "/home/myitcv/bin/bingo/vim",  <unfinished ...>
[pid 69525] nanosleep({tv_sec=0, tv_nsec=20000},  <unfinished ...>
[pid 69524] <... newfstatat resumed> 0xc000095488, 0) = -1 ENOENT (No such file or directory)
[pid 69524] newfstatat(AT_FDCWD, "/home/myitcv/nodes/bin/vim",  <unfinished ...>
[pid 69525] <... nanosleep resumed> NULL) = 0
[pid 69524] <... newfstatat resumed> 0xc000095558, 0) = -1 ENOENT (No such file or directory)
[pid 69525] nanosleep({tv_sec=0, tv_nsec=20000},  <unfinished ...>
[pid 69524] newfstatat(AT_FDCWD, "/home/myitcv/nodes/bin/vim", 0xc000095628, 0) = -1 ENOENT (No such file or directory)
[pid 69525] <... nanosleep resumed> NULL) = 0
[pid 69524] newfstatat(AT_FDCWD, "/home/myitcv/rubys/bin/vim",  <unfinished ...>
[pid 69525] nanosleep({tv_sec=0, tv_nsec=20000},  <unfinished ...>
[pid 69524] <... newfstatat resumed> 0xc0000956f8, 0) = -1 ENOENT (No such file or directory)
[pid 69524] newfstatat(AT_FDCWD, "/home/myitcv/python3s/bin/vim",  <unfinished ...>
[pid 69525] <... nanosleep resumed> NULL) = 0
[pid 69524] <... newfstatat resumed> 0xc0000957c8, 0) = -1 ENOENT (No such file or directory)
[pid 69525] nanosleep({tv_sec=0, tv_nsec=20000},  <unfinished ...>
[pid 69524] newfstatat(AT_FDCWD, "/home/myitcv/pythons/bin/vim", 0xc000095898, 0) = -1 ENOENT (No such file or directory)
[pid 69524] newfstatat(AT_FDCWD, "/home/myitcv/bin/vim",  <unfinished ...>
[pid 69525] <... nanosleep resumed> NULL) = 0
[pid 69524] <... newfstatat resumed> 0xc000095968, 0) = -1 ENOENT (No such file or directory)
[pid 69525] nanosleep({tv_sec=0, tv_nsec=20000},  <unfinished ...>
[pid 69524] newfstatat(AT_FDCWD, "/home/myitcv/usr/google-cloud-sdk/bin/vim", 0xc000095a38, 0) = -1 ENOENT (No such file or directory)
[pid 69525] <... nanosleep resumed> NULL) = 0
[pid 69524] newfstatat(AT_FDCWD, "/home/myitcv/usr/chromedriver/vim",  <unfinished ...>
[pid 69525] nanosleep({tv_sec=0, tv_nsec=20000},  <unfinished ...>
[pid 69524] <... newfstatat resumed> 0xc000095b08, 0) = -1 ENOENT (No such file or directory)
[pid 69524] newfstatat(AT_FDCWD, "/home/myitcv/usr/wabt/bin/vim",  <unfinished ...>
[pid 69525] <... nanosleep resumed> NULL) = 0
[pid 69524] <... newfstatat resumed> 0xc000095bd8, 0) = -1 ENOENT (No such file or directory)
[pid 69525] nanosleep({tv_sec=0, tv_nsec=20000},  <unfinished ...>
[pid 69524] newfstatat(AT_FDCWD, "/home/myitcv/usr/git/bin/vim", 0xc000095ca8, 0) = -1 ENOENT (No such file or directory)
[pid 69525] <... nanosleep resumed> NULL) = 0
[pid 69524] newfstatat(AT_FDCWD, "/home/myitcv/usr/clang/bin/vim",  <unfinished ...>
[pid 69525] nanosleep({tv_sec=0, tv_nsec=20000},  <unfinished ...>
[pid 69524] <... newfstatat resumed> 0xc000095d78, 0) = -1 ENOENT (No such file or directory)
[pid 69524] newfstatat(AT_FDCWD, "/home/myitcv/usr/vim/bin/vim",  <unfinished ...>
[pid 69525] <... nanosleep resumed> NULL) = 0
[pid 69524] <... newfstatat resumed> {st_mode=S_IFREG|0755, st_size=3292968, ...}, 0) = 0
[pid 69525] nanosleep({tv_sec=0, tv_nsec=20000},  <unfinished ...>
[pid 69524] openat(AT_FDCWD, "/dev/ptmx", O_RDWR|O_CLOEXEC <unfinished ...>
[pid 69525] <... nanosleep resumed> NULL) = 0
[pid 69525] nanosleep({tv_sec=0, tv_nsec=20000},  <unfinished ...>
[pid 69524] <... openat resumed> )      = 3
[pid 69524] epoll_create1(EPOLL_CLOEXEC) = 4
[pid 69525] <... nanosleep resumed> NULL) = 0
[pid 69524] epoll_ctl(4, EPOLL_CTL_ADD, 3, {EPOLLIN|EPOLLOUT|EPOLLRDHUP|EPOLLET, {u32=3287129768, u64=139782997778088}} <unfinished ...>
[pid 69525] epoll_pwait(4,  <unfinished ...>
[pid 69524] <... epoll_ctl resumed> )   = 0
[pid 69525] <... epoll_pwait resumed> [{EPOLLOUT, {u32=3287129768, u64=139782997778088}}], 128, 0, NULL, 140734782894208) = 1
[pid 69524] fcntl(3, F_GETFL <unfinished ...>
[pid 69525] nanosleep({tv_sec=0, tv_nsec=20000},  <unfinished ...>
[pid 69524] <... fcntl resumed> )       = 0x8002 (flags O_RDWR|O_LARGEFILE)
[pid 69524] fcntl(3, F_SETFL, O_RDWR|O_NONBLOCK|O_LARGEFILE) = 0
[pid 69525] <... nanosleep resumed> NULL) = 0
[pid 69524] fcntl(3, F_GETFL <unfinished ...>
[pid 69525] nanosleep({tv_sec=0, tv_nsec=20000},  <unfinished ...>
[pid 69524] <... fcntl resumed> )       = 0x8802 (flags O_RDWR|O_NONBLOCK|O_LARGEFILE)
[pid 69524] fcntl(3, F_SETFL, O_RDWR|O_LARGEFILE) = 0
[pid 69525] <... nanosleep resumed> NULL) = 0
[pid 69524] ioctl(3, TIOCGPTN <unfinished ...>
[pid 69525] nanosleep({tv_sec=0, tv_nsec=20000},  <unfinished ...>
[pid 69524] <... ioctl resumed> , [4])  = 0
[pid 69524] fcntl(3, F_GETFL)           = 0x8002 (flags O_RDWR|O_LARGEFILE)
[pid 69525] <... nanosleep resumed> NULL) = 0
[pid 69524] fcntl(3, F_SETFL, O_RDWR|O_LARGEFILE) = 0
[pid 69525] nanosleep({tv_sec=0, tv_nsec=20000},  <unfinished ...>
[pid 69524] ioctl(3, TIOCSPTLCK, [0])   = 0
[pid 69524] openat(AT_FDCWD, "/dev/pts/4", O_RDWR|O_NOCTTY|O_CLOEXEC <unfinished ...>
[pid 69525] <... nanosleep resumed> NULL) = 0
[pid 69524] <... openat resumed> )      = 5
[pid 69525] nanosleep({tv_sec=0, tv_nsec=20000},  <unfinished ...>
[pid 69524] epoll_ctl(4, EPOLL_CTL_ADD, 5, {EPOLLIN|EPOLLOUT|EPOLLRDHUP|EPOLLET, {u32=3287129560, u64=139782997777880}}) = 0
[pid 69524] fcntl(5, F_GETFL <unfinished ...>
[pid 69525] <... nanosleep resumed> NULL) = 0
[pid 69524] <... fcntl resumed> )       = 0x8002 (flags O_RDWR|O_LARGEFILE)
[pid 69524] fcntl(5, F_SETFL, O_RDWR|O_NONBLOCK|O_LARGEFILE <unfinished ...>
[pid 69525] nanosleep({tv_sec=0, tv_nsec=20000},  <unfinished ...>
[pid 69524] <... fcntl resumed> )       = 0
[pid 69524] fcntl(5, F_GETFL <unfinished ...>
[pid 69525] <... nanosleep resumed> NULL) = 0
[pid 69524] <... fcntl resumed> )       = 0x8802 (flags O_RDWR|O_NONBLOCK|O_LARGEFILE)
[pid 69524] fcntl(5, F_SETFL, O_RDWR|O_LARGEFILE <unfinished ...>
[pid 69525] nanosleep({tv_sec=0, tv_nsec=20000},  <unfinished ...>
[pid 69524] <... fcntl resumed> )       = 0
[pid 69524] fcntl(5, F_GETFL)           = 0x8002 (flags O_RDWR|O_LARGEFILE)
[pid 69525] <... nanosleep resumed> NULL) = 0
[pid 69524] fcntl(5, F_SETFL, O_RDWR|O_LARGEFILE <unfinished ...>
[pid 69525] nanosleep({tv_sec=0, tv_nsec=20000},  <unfinished ...>
[pid 69524] <... fcntl resumed> )       = 0
[pid 69524] fcntl(5, F_GETFL)           = 0x8002 (flags O_RDWR|O_LARGEFILE)
[pid 69525] <... nanosleep resumed> NULL) = 0
[pid 69524] fcntl(5, F_SETFL, O_RDWR|O_LARGEFILE <unfinished ...>
[pid 69525] nanosleep({tv_sec=0, tv_nsec=20000},  <unfinished ...>
[pid 69524] <... fcntl resumed> )       = 0
[pid 69524] pipe2([6, 7], O_CLOEXEC)    = 0
[pid 69525] <... nanosleep resumed> NULL) = 0
[pid 69524] getpid( <unfinished ...>
[pid 69525] nanosleep({tv_sec=0, tv_nsec=20000},  <unfinished ...>
[pid 69524] <... getpid resumed> )      = 69524
[pid 69524] rt_sigprocmask(SIG_SETMASK, NULL, [], 8) = 0
[pid 69525] <... nanosleep resumed> NULL) = 0
[pid 69524] rt_sigprocmask(SIG_SETMASK, ~[],  <unfinished ...>
[pid 69525] nanosleep({tv_sec=0, tv_nsec=20000},  <unfinished ...>
[pid 69524] <... rt_sigprocmask resumed> NULL, 8) = 0
[pid 69524] clone( <unfinished ...>
[pid 69525] <... nanosleep resumed> NULL) = 0
[pid 69525] nanosleep({tv_sec=0, tv_nsec=20000}, NULL) = 0
[pid 69525] nanosleep({tv_sec=0, tv_nsec=20000}, NULL) = 0
[pid 69525] nanosleep({tv_sec=0, tv_nsec=20000}, NULL) = 0
[pid 69525] nanosleep({tv_sec=0, tv_nsec=20000}, NULL) = 0
[pid 69525] nanosleep({tv_sec=0, tv_nsec=20000}, NULL) = 0
[pid 69525] nanosleep({tv_sec=0, tv_nsec=20000}, NULL) = 0
[pid 69525] nanosleep({tv_sec=0, tv_nsec=20000}, NULL) = 0
[pid 69525] nanosleep({tv_sec=0, tv_nsec=20000}, NULL) = 0
strace: Process 69530 attached
[pid 69525] nanosleep({tv_sec=0, tv_nsec=20000},  <unfinished ...>
[pid 69530] rt_sigaction(SIGHUP, {sa_handler=SIG_DFL, sa_mask=~[], sa_flags=SA_RESTORER|SA_ONSTACK|SA_RESTART|SA_SIGINFO, sa_restorer=0x453ee0}, NULL, 8) = 0
[pid 69525] <... nanosleep resumed> NULL) = 0
[pid 69530] rt_sigaction(SIGINT, {sa_handler=SIG_DFL, sa_mask=~[], sa_flags=SA_RESTORER|SA_ONSTACK|SA_RESTART|SA_SIGINFO, sa_restorer=0x453ee0},  <unfinished ...>
[pid 69525] nanosleep({tv_sec=0, tv_nsec=20000},  <unfinished ...>
[pid 69530] <... rt_sigaction resumed> NULL, 8) = 0
[pid 69530] rt_sigaction(SIGQUIT, {sa_handler=SIG_DFL, sa_mask=~[], sa_flags=SA_RESTORER|SA_ONSTACK|SA_RESTART|SA_SIGINFO, sa_restorer=0x453ee0},  <unfinished ...>
[pid 69525] <... nanosleep resumed> NULL) = 0
[pid 69530] <... rt_sigaction resumed> NULL, 8) = 0
[pid 69525] nanosleep({tv_sec=0, tv_nsec=20000},  <unfinished ...>
[pid 69530] rt_sigaction(SIGILL, {sa_handler=SIG_DFL, sa_mask=~[], sa_flags=SA_RESTORER|SA_ONSTACK|SA_RESTART|SA_SIGINFO, sa_restorer=0x453ee0}, NULL, 8) = 0
[pid 69525] <... nanosleep resumed> NULL) = 0
[pid 69530] rt_sigaction(SIGTRAP, {sa_handler=SIG_DFL, sa_mask=~[], sa_flags=SA_RESTORER|SA_ONSTACK|SA_RESTART|SA_SIGINFO, sa_restorer=0x453ee0},  <unfinished ...>
[pid 69525] nanosleep({tv_sec=0, tv_nsec=20000},  <unfinished ...>
[pid 69530] <... rt_sigaction resumed> NULL, 8) = 0
[pid 69530] rt_sigaction(SIGABRT, {sa_handler=SIG_DFL, sa_mask=~[], sa_flags=SA_RESTORER|SA_ONSTACK|SA_RESTART|SA_SIGINFO, sa_restorer=0x453ee0},  <unfinished ...>
[pid 69525] <... nanosleep resumed> NULL) = 0
[pid 69530] <... rt_sigaction resumed> NULL, 8) = 0
[pid 69525] nanosleep({tv_sec=0, tv_nsec=20000},  <unfinished ...>
[pid 69530] rt_sigaction(SIGBUS, {sa_handler=SIG_DFL, sa_mask=~[], sa_flags=SA_RESTORER|SA_ONSTACK|SA_RESTART|SA_SIGINFO, sa_restorer=0x453ee0}, NULL, 8) = 0
[pid 69525] <... nanosleep resumed> NULL) = 0
[pid 69530] rt_sigaction(SIGFPE, {sa_handler=SIG_DFL, sa_mask=~[], sa_flags=SA_RESTORER|SA_ONSTACK|SA_RESTART|SA_SIGINFO, sa_restorer=0x453ee0},  <unfinished ...>
[pid 69525] nanosleep({tv_sec=0, tv_nsec=20000},  <unfinished ...>
[pid 69530] <... rt_sigaction resumed> NULL, 8) = 0
[pid 69530] rt_sigaction(SIGUSR1, {sa_handler=SIG_DFL, sa_mask=~[], sa_flags=SA_RESTORER|SA_ONSTACK|SA_RESTART|SA_SIGINFO, sa_restorer=0x453ee0}, NULL, 8) = 0
[pid 69525] <... nanosleep resumed> NULL) = 0
[pid 69530] rt_sigaction(SIGSEGV, {sa_handler=SIG_DFL, sa_mask=~[], sa_flags=SA_RESTORER|SA_ONSTACK|SA_RESTART|SA_SIGINFO, sa_restorer=0x453ee0},  <unfinished ...>
[pid 69525] nanosleep({tv_sec=0, tv_nsec=20000},  <unfinished ...>
[pid 69530] <... rt_sigaction resumed> NULL, 8) = 0
[pid 69530] rt_sigaction(SIGUSR2, {sa_handler=SIG_DFL, sa_mask=~[], sa_flags=SA_RESTORER|SA_ONSTACK|SA_RESTART|SA_SIGINFO, sa_restorer=0x453ee0},  <unfinished ...>
[pid 69525] <... nanosleep resumed> NULL) = 0
[pid 69530] <... rt_sigaction resumed> NULL, 8) = 0
[pid 69525] nanosleep({tv_sec=0, tv_nsec=20000},  <unfinished ...>
[pid 69530] rt_sigaction(SIGPIPE, {sa_handler=SIG_DFL, sa_mask=~[], sa_flags=SA_RESTORER|SA_ONSTACK|SA_RESTART|SA_SIGINFO, sa_restorer=0x453ee0}, NULL, 8) = 0
[pid 69525] <... nanosleep resumed> NULL) = 0
[pid 69530] rt_sigaction(SIGALRM, {sa_handler=SIG_DFL, sa_mask=~[], sa_flags=SA_RESTORER|SA_ONSTACK|SA_RESTART|SA_SIGINFO, sa_restorer=0x453ee0},  <unfinished ...>
[pid 69525] nanosleep({tv_sec=0, tv_nsec=20000},  <unfinished ...>
[pid 69530] <... rt_sigaction resumed> NULL, 8) = 0
[pid 69530] rt_sigaction(SIGTERM, {sa_handler=SIG_DFL, sa_mask=~[], sa_flags=SA_RESTORER|SA_ONSTACK|SA_RESTART|SA_SIGINFO, sa_restorer=0x453ee0}, NULL, 8) = 0
[pid 69525] <... nanosleep resumed> NULL) = 0
[pid 69530] rt_sigaction(SIGSTKFLT, {sa_handler=SIG_DFL, sa_mask=~[], sa_flags=SA_RESTORER|SA_ONSTACK|SA_RESTART|SA_SIGINFO, sa_restorer=0x453ee0}, NULL, 8) = 0
[pid 69525] nanosleep({tv_sec=0, tv_nsec=20000},  <unfinished ...>
[pid 69530] rt_sigaction(SIGCHLD, {sa_handler=SIG_DFL, sa_mask=~[], sa_flags=SA_RESTORER|SA_ONSTACK|SA_RESTART|SA_SIGINFO, sa_restorer=0x453ee0}, NULL, 8) = 0
[pid 69525] <... nanosleep resumed> NULL) = 0
[pid 69530] rt_sigaction(SIGURG, {sa_handler=SIG_DFL, sa_mask=~[], sa_flags=SA_RESTORER|SA_ONSTACK|SA_RESTART|SA_SIGINFO, sa_restorer=0x453ee0},  <unfinished ...>
[pid 69525] nanosleep({tv_sec=0, tv_nsec=20000},  <unfinished ...>
[pid 69530] <... rt_sigaction resumed> NULL, 8) = 0
[pid 69530] rt_sigaction(SIGXCPU, {sa_handler=SIG_DFL, sa_mask=~[], sa_flags=SA_RESTORER|SA_ONSTACK|SA_RESTART|SA_SIGINFO, sa_restorer=0x453ee0},  <unfinished ...>
[pid 69525] <... nanosleep resumed> NULL) = 0
[pid 69530] <... rt_sigaction resumed> NULL, 8) = 0
[pid 69525] nanosleep({tv_sec=0, tv_nsec=20000},  <unfinished ...>
[pid 69530] rt_sigaction(SIGXFSZ, {sa_handler=SIG_DFL, sa_mask=~[], sa_flags=SA_RESTORER|SA_ONSTACK|SA_RESTART|SA_SIGINFO, sa_restorer=0x453ee0}, NULL, 8) = 0
[pid 69525] <... nanosleep resumed> NULL) = 0
[pid 69530] rt_sigaction(SIGVTALRM, {sa_handler=SIG_DFL, sa_mask=~[], sa_flags=SA_RESTORER|SA_ONSTACK|SA_RESTART|SA_SIGINFO, sa_restorer=0x453ee0},  <unfinished ...>
[pid 69525] nanosleep({tv_sec=0, tv_nsec=40000},  <unfinished ...>
[pid 69530] <... rt_sigaction resumed> NULL, 8) = 0
[pid 69525] <... nanosleep resumed> NULL) = 0
[pid 69530] rt_sigaction(SIGPROF, {sa_handler=SIG_DFL, sa_mask=~[], sa_flags=SA_RESTORER|SA_ONSTACK|SA_RESTART|SA_SIGINFO, sa_restorer=0x453ee0},  <unfinished ...>
[pid 69525] nanosleep({tv_sec=0, tv_nsec=80000},  <unfinished ...>
[pid 69530] <... rt_sigaction resumed> NULL, 8) = 0
[pid 69530] rt_sigaction(SIGWINCH, {sa_handler=SIG_DFL, sa_mask=~[], sa_flags=SA_RESTORER|SA_ONSTACK|SA_RESTART|SA_SIGINFO, sa_restorer=0x453ee0},  <unfinished ...>
[pid 69525] <... nanosleep resumed> NULL) = 0
[pid 69530] <... rt_sigaction resumed> NULL, 8) = 0
[pid 69525] epoll_pwait(4,  <unfinished ...>
[pid 69530] rt_sigaction(SIGIO, {sa_handler=SIG_DFL, sa_mask=~[], sa_flags=SA_RESTORER|SA_ONSTACK|SA_RESTART|SA_SIGINFO, sa_restorer=0x453ee0},  <unfinished ...>
[pid 69525] <... epoll_pwait resumed> [{EPOLLOUT, {u32=3287129560, u64=139782997777880}}], 128, 0, NULL, 140734782894208) = 1
[pid 69530] <... rt_sigaction resumed> NULL, 8) = 0
[pid 69525] nanosleep({tv_sec=0, tv_nsec=160000},  <unfinished ...>
[pid 69530] rt_sigaction(SIGPWR, {sa_handler=SIG_DFL, sa_mask=~[], sa_flags=SA_RESTORER|SA_ONSTACK|SA_RESTART|SA_SIGINFO, sa_restorer=0x453ee0}, NULL, 8) = 0
[pid 69530] rt_sigaction(SIGSYS, {sa_handler=SIG_DFL, sa_mask=~[], sa_flags=SA_RESTORER|SA_ONSTACK|SA_RESTART|SA_SIGINFO, sa_restorer=0x453ee0},  <unfinished ...>
[pid 69525] <... nanosleep resumed> NULL) = 0
[pid 69530] <... rt_sigaction resumed> NULL, 8) = 0
[pid 69525] nanosleep({tv_sec=0, tv_nsec=320000},  <unfinished ...>
[pid 69530] rt_sigaction(SIGRT_2, {sa_handler=SIG_DFL, sa_mask=~[], sa_flags=SA_RESTORER|SA_ONSTACK|SA_RESTART|SA_SIGINFO, sa_restorer=0x453ee0}, NULL, 8) = 0
[pid 69530] rt_sigaction(SIGRT_3, {sa_handler=SIG_DFL, sa_mask=~[], sa_flags=SA_RESTORER|SA_ONSTACK|SA_RESTART|SA_SIGINFO, sa_restorer=0x453ee0}, NULL, 8) = 0
[pid 69525] <... nanosleep resumed> NULL) = 0
[pid 69530] rt_sigaction(SIGRT_4, {sa_handler=SIG_DFL, sa_mask=~[], sa_flags=SA_RESTORER|SA_ONSTACK|SA_RESTART|SA_SIGINFO, sa_restorer=0x453ee0},  <unfinished ...>
[pid 69525] nanosleep({tv_sec=0, tv_nsec=640000},  <unfinished ...>
[pid 69530] <... rt_sigaction resumed> NULL, 8) = 0
[pid 69530] rt_sigaction(SIGRT_5, {sa_handler=SIG_DFL, sa_mask=~[], sa_flags=SA_RESTORER|SA_ONSTACK|SA_RESTART|SA_SIGINFO, sa_restorer=0x453ee0}, NULL, 8) = 0
[pid 69530] rt_sigaction(SIGRT_6, {sa_handler=SIG_DFL, sa_mask=~[], sa_flags=SA_RESTORER|SA_ONSTACK|SA_RESTART|SA_SIGINFO, sa_restorer=0x453ee0}, NULL, 8) = 0
[pid 69530] rt_sigaction(SIGRT_7, {sa_handler=SIG_DFL, sa_mask=~[], sa_flags=SA_RESTORER|SA_ONSTACK|SA_RESTART|SA_SIGINFO, sa_restorer=0x453ee0}, NULL, 8) = 0
[pid 69525] <... nanosleep resumed> NULL) = 0
[pid 69530] rt_sigaction(SIGRT_8, {sa_handler=SIG_DFL, sa_mask=~[], sa_flags=SA_RESTORER|SA_ONSTACK|SA_RESTART|SA_SIGINFO, sa_restorer=0x453ee0},  <unfinished ...>
[pid 69525] nanosleep({tv_sec=0, tv_nsec=1280000},  <unfinished ...>
[pid 69530] <... rt_sigaction resumed> NULL, 8) = 0
[pid 69530] rt_sigaction(SIGRT_9, {sa_handler=SIG_DFL, sa_mask=~[], sa_flags=SA_RESTORER|SA_ONSTACK|SA_RESTART|SA_SIGINFO, sa_restorer=0x453ee0}, NULL, 8) = 0
[pid 69530] rt_sigaction(SIGRT_10, {sa_handler=SIG_DFL, sa_mask=~[], sa_flags=SA_RESTORER|SA_ONSTACK|SA_RESTART|SA_SIGINFO, sa_restorer=0x453ee0}, NULL, 8) = 0
[pid 69530] rt_sigaction(SIGRT_11, {sa_handler=SIG_DFL, sa_mask=~[], sa_flags=SA_RESTORER|SA_ONSTACK|SA_RESTART|SA_SIGINFO, sa_restorer=0x453ee0}, NULL, 8) = 0
[pid 69530] rt_sigaction(SIGRT_12, {sa_handler=SIG_DFL, sa_mask=~[], sa_flags=SA_RESTORER|SA_ONSTACK|SA_RESTART|SA_SIGINFO, sa_restorer=0x453ee0}, NULL, 8) = 0
[pid 69530] rt_sigaction(SIGRT_13, {sa_handler=SIG_DFL, sa_mask=~[], sa_flags=SA_RESTORER|SA_ONSTACK|SA_RESTART|SA_SIGINFO, sa_restorer=0x453ee0}, NULL, 8) = 0
[pid 69530] rt_sigaction(SIGRT_14, {sa_handler=SIG_DFL, sa_mask=~[], sa_flags=SA_RESTORER|SA_ONSTACK|SA_RESTART|SA_SIGINFO, sa_restorer=0x453ee0},  <unfinished ...>
[pid 69525] <... nanosleep resumed> NULL) = 0
[pid 69530] <... rt_sigaction resumed> NULL, 8) = 0
[pid 69525] nanosleep({tv_sec=0, tv_nsec=2560000},  <unfinished ...>
[pid 69530] rt_sigaction(SIGRT_15, {sa_handler=SIG_DFL, sa_mask=~[], sa_flags=SA_RESTORER|SA_ONSTACK|SA_RESTART|SA_SIGINFO, sa_restorer=0x453ee0}, NULL, 8) = 0
[pid 69530] rt_sigaction(SIGRT_16, {sa_handler=SIG_DFL, sa_mask=~[], sa_flags=SA_RESTORER|SA_ONSTACK|SA_RESTART|SA_SIGINFO, sa_restorer=0x453ee0}, NULL, 8) = 0
[pid 69530] rt_sigaction(SIGRT_17, {sa_handler=SIG_DFL, sa_mask=~[], sa_flags=SA_RESTORER|SA_ONSTACK|SA_RESTART|SA_SIGINFO, sa_restorer=0x453ee0}, NULL, 8) = 0
[pid 69530] rt_sigaction(SIGRT_18, {sa_handler=SIG_DFL, sa_mask=~[], sa_flags=SA_RESTORER|SA_ONSTACK|SA_RESTART|SA_SIGINFO, sa_restorer=0x453ee0}, NULL, 8) = 0
[pid 69530] rt_sigaction(SIGRT_19, {sa_handler=SIG_DFL, sa_mask=~[], sa_flags=SA_RESTORER|SA_ONSTACK|SA_RESTART|SA_SIGINFO, sa_restorer=0x453ee0}, NULL, 8) = 0
[pid 69530] rt_sigaction(SIGRT_20, {sa_handler=SIG_DFL, sa_mask=~[], sa_flags=SA_RESTORER|SA_ONSTACK|SA_RESTART|SA_SIGINFO, sa_restorer=0x453ee0}, NULL, 8) = 0
[pid 69530] rt_sigaction(SIGRT_21, {sa_handler=SIG_DFL, sa_mask=~[], sa_flags=SA_RESTORER|SA_ONSTACK|SA_RESTART|SA_SIGINFO, sa_restorer=0x453ee0}, NULL, 8) = 0
[pid 69530] rt_sigaction(SIGRT_22, {sa_handler=SIG_DFL, sa_mask=~[], sa_flags=SA_RESTORER|SA_ONSTACK|SA_RESTART|SA_SIGINFO, sa_restorer=0x453ee0}, NULL, 8) = 0
[pid 69530] rt_sigaction(SIGRT_23, {sa_handler=SIG_DFL, sa_mask=~[], sa_flags=SA_RESTORER|SA_ONSTACK|SA_RESTART|SA_SIGINFO, sa_restorer=0x453ee0}, NULL, 8) = 0
[pid 69530] rt_sigaction(SIGRT_24, {sa_handler=SIG_DFL, sa_mask=~[], sa_flags=SA_RESTORER|SA_ONSTACK|SA_RESTART|SA_SIGINFO, sa_restorer=0x453ee0}, NULL, 8) = 0
[pid 69530] rt_sigaction(SIGRT_25, {sa_handler=SIG_DFL, sa_mask=~[], sa_flags=SA_RESTORER|SA_ONSTACK|SA_RESTART|SA_SIGINFO, sa_restorer=0x453ee0}, NULL, 8) = 0
[pid 69530] rt_sigaction(SIGRT_26, {sa_handler=SIG_DFL, sa_mask=~[], sa_flags=SA_RESTORER|SA_ONSTACK|SA_RESTART|SA_SIGINFO, sa_restorer=0x453ee0}, NULL, 8) = 0
[pid 69530] rt_sigaction(SIGRT_27, {sa_handler=SIG_DFL, sa_mask=~[], sa_flags=SA_RESTORER|SA_ONSTACK|SA_RESTART|SA_SIGINFO, sa_restorer=0x453ee0}, NULL, 8) = 0
[pid 69530] rt_sigaction(SIGRT_28, {sa_handler=SIG_DFL, sa_mask=~[], sa_flags=SA_RESTORER|SA_ONSTACK|SA_RESTART|SA_SIGINFO, sa_restorer=0x453ee0},  <unfinished ...>
[pid 69525] <... nanosleep resumed> NULL) = 0
[pid 69530] <... rt_sigaction resumed> NULL, 8) = 0
[pid 69530] rt_sigaction(SIGRT_29, {sa_handler=SIG_DFL, sa_mask=~[], sa_flags=SA_RESTORER|SA_ONSTACK|SA_RESTART|SA_SIGINFO, sa_restorer=0x453ee0},  <unfinished ...>
[pid 69525] nanosleep({tv_sec=0, tv_nsec=5120000},  <unfinished ...>
[pid 69530] <... rt_sigaction resumed> NULL, 8) = 0
[pid 69530] rt_sigaction(SIGRT_30, {sa_handler=SIG_DFL, sa_mask=~[], sa_flags=SA_RESTORER|SA_ONSTACK|SA_RESTART|SA_SIGINFO, sa_restorer=0x453ee0}, NULL, 8) = 0
[pid 69530] rt_sigaction(SIGRT_31, {sa_handler=SIG_DFL, sa_mask=~[], sa_flags=SA_RESTORER|SA_ONSTACK|SA_RESTART|SA_SIGINFO, sa_restorer=0x453ee0}, NULL, 8) = 0
[pid 69530] rt_sigaction(SIGRT_32, {sa_handler=SIG_DFL, sa_mask=~[], sa_flags=SA_RESTORER|SA_ONSTACK|SA_RESTART|SA_SIGINFO, sa_restorer=0x453ee0}, NULL, 8) = 0
[pid 69530] rt_sigprocmask(SIG_SETMASK, [], NULL, 8) = 0
[pid 69530] setsid()                    = 69530
[pid 69530] dup2(5, 0)                  = 0
[pid 69530] dup2(5, 1)                  = 1
[pid 69530] dup2(5, 2)                  = 2
[pid 69530] ioctl(0, TIOCSCTTY, 1)      = 0
[pid 69530] execve("/home/myitcv/usr/vim/bin/vim", ["vim"], 0xc0000c6000 /* 87 vars */ <unfinished ...>
[pid 69524] <... clone resumed> child_stack=NULL, flags=CLONE_VM|CLONE_VFORK|SIGCHLD) = 69530
[pid 69524] rt_sigprocmask(SIG_SETMASK, [],  <unfinished ...>
[pid 69530] <... execve resumed> )      = 0
[pid 69524] <... rt_sigprocmask resumed> NULL, 8) = 0
[pid 69524] close(7 <unfinished ...>
[pid 69530] brk(NULL <unfinished ...>
[pid 69524] <... close resumed> )       = 0
[pid 69530] <... brk resumed> )         = 0x560d84963000
[pid 69524] read(6, "", 8)              = 0
[pid 69530] access("/etc/ld.so.preload", R_OK <unfinished ...>
[pid 69524] close(6 <unfinished ...>
[pid 69530] <... access resumed> )      = -1 ENOENT (No such file or directory)
[pid 69524] <... close resumed> )       = 0
[pid 69524] epoll_ctl(4, EPOLL_CTL_DEL, 5, 0xc00009cde4 <unfinished ...>
[pid 69530] openat(AT_FDCWD, "/etc/ld.so.cache", O_RDONLY|O_CLOEXEC <unfinished ...>
[pid 69524] <... epoll_ctl resumed> )   = 0
[pid 69530] <... openat resumed> )      = 3
[pid 69524] close(5 <unfinished ...>
[pid 69530] fstat(3,  <unfinished ...>
[pid 69524] <... close resumed> )       = 0
[pid 69530] <... fstat resumed> {st_mode=S_IFREG|0644, st_size=73045, ...}) = 0
[pid 69524] futex(0xc000072148, FUTEX_WAKE_PRIVATE, 1 <unfinished ...>
[pid 69530] mmap(NULL, 73045, PROT_READ, MAP_PRIVATE, 3, 0 <unfinished ...>
[pid 69524] <... futex resumed> )       = 1
[pid 69530] <... mmap resumed> )        = 0x7f78ef3fb000
[pid 69524] kill(69530, SIGKILL <unfinished ...>
[pid 69530] close(3 <unfinished ...>
[pid 69524] <... kill resumed> )        = 0
[pid 69530] <... close resumed>)        = ?
[pid 69524] exit_group(0 <unfinished ...>
[pid 69528] <... futex resumed> )       = 0
[pid 69524] <... exit_group resumed>)   = ?
[pid 69530] +++ killed by SIGKILL +++
[pid 69529] <... futex resumed>)        = ?
[pid 69527] <... futex resumed>)        = ?
[pid 69529] +++ exited with 0 +++
[pid 69528] +++ exited with 0 +++
[pid 69526] <... futex resumed>)        = ?
[pid 69527] +++ exited with 0 +++
[pid 69525] <... nanosleep resumed> <unfinished ...>) = ?
[pid 69526] +++ exited with 0 +++
[pid 69525] +++ exited with 0 +++
+++ exited with 0 +++
